<?xml version="1.0" encoding="UTF-8"?>
<!-- Generated by org.testng.reporters.JUnitReportReporter -->
<testsuite skipped="0" hostname="DESKTOP-981PDTB" name="com.webtest.demo.Admin_Login" tests="2" failures="0" timestamp="2020-11-23T17:15:44 CST" time="36.423" errors="0">
  <testcase name="testLogin" time="13.119" classname="com.webtest.demo.Admin_Login"/>
  <system-out/>
  <testcase name="test_top2_dynamic" time="23.304" classname="com.webtest.demo.Admin_Login"/>
  <system-out/>
</testsuite> <!-- com.webtest.demo.Admin_Login -->
