<?xml version="1.0" encoding="UTF-8"?>
<!-- Generated by org.testng.reporters.JUnitReportReporter -->
<testsuite skipped="0" hostname="DESKTOP-981PDTB" name="com.webtest.demo.Browse_Test" tests="10" failures="0" timestamp="2020-12-01T11:53:15 CST" time="69.077" errors="0">
  <testcase name="testLogin" time="15.545" classname="com.webtest.demo.Browse_Test"/>
  <system-out/>
  <testcase name="test_show_all" time="10.554" classname="com.webtest.demo.Browse_Test"/>
  <system-out/>
  <testcase name="test_show_photo" time="10.458" classname="com.webtest.demo.Browse_Test"/>
  <system-out/>
  <testcase name="test_show_time" time="3.145" classname="com.webtest.demo.Browse_Test"/>
  <system-out/>
  <testcase name="test_show_bigphoto" time="6.242" classname="com.webtest.demo.Browse_Test"/>
  <system-out/>
  <testcase name="test_next_bigphoto" time="6.610" classname="com.webtest.demo.Browse_Test"/>
  <system-out/>
  <testcase name="test_turn_right" time="3.242" classname="com.webtest.demo.Browse_Test"/>
  <system-out/>
  <testcase name="test_turn_left" time="3.242" classname="com.webtest.demo.Browse_Test"/>
  <system-out/>
  <testcase name="test_all_bigphoto" time="6.796" classname="com.webtest.demo.Browse_Test"/>
  <system-out/>
  <testcase name="test_esc_bigphoto" time="3.243" classname="com.webtest.demo.Browse_Test"/>
  <system-out/>
</testsuite> <!-- com.webtest.demo.Browse_Test -->
