<?xml version="1.0" encoding="UTF-8"?>
<!-- Generated by org.testng.reporters.JUnitReportReporter -->
<testsuite skipped="0" hostname="DESKTOP-981PDTB" name="com.webtest.dataprovider.NSDataProvider" tests="1" failures="0" timestamp="2020-11-22T16:21:02 CST" time="0.005" errors="0">
  <testcase name="getE" time="0.005" classname="com.webtest.dataprovider.NSDataProvider"/>
  <system-out/>
</testsuite> <!-- com.webtest.dataprovider.NSDataProvider -->
