<?xml version="1.0" encoding="UTF-8"?>
<!-- Generated by org.testng.reporters.JUnitReportReporter -->
<testsuite skipped="0" hostname="DESKTOP-981PDTB" name="com.webtest.demo.Chat_Test" tests="2" failures="0" timestamp="2020-12-01T10:05:05 CST" time="48.125" errors="0">
  <testcase name="testLogin" time="16.401" classname="com.webtest.demo.Chat_Test"/>
  <system-out/>
  <testcase name="test1" time="31.724" classname="com.webtest.demo.Chat_Test"/>
  <system-out/>
</testsuite> <!-- com.webtest.demo.Chat_Test -->
