<?xml version="1.0" encoding="UTF-8"?>
<!-- Generated by org.testng.reporters.JUnitReportReporter -->
<testsuite skipped="0" hostname="DESKTOP-981PDTB" name="com.webtest.demo.Management_Dynamic_Test" tests="17" failures="0" timestamp="2020-12-01T11:53:15 CST" time="210.282" errors="0">
  <testcase name="testLogin" time="12.919" classname="com.webtest.demo.Management_Dynamic_Test"/>
  <system-out/>
  <testcase name="test_top_dynamic" time="22.933" classname="com.webtest.demo.Management_Dynamic_Test"/>
  <system-out/>
  <testcase name="test_top_conceal_dynamic" time="29.320" classname="com.webtest.demo.Management_Dynamic_Test"/>
  <system-out/>
  <testcase name="test_top_concel1_dynamic" time="16.513" classname="com.webtest.demo.Management_Dynamic_Test"/>
  <system-out/>
  <testcase name="test_top2_dynamic" time="22.858" classname="com.webtest.demo.Management_Dynamic_Test"/>
  <system-out/>
  <testcase name="test_top_concel2_dynamic" time="10.501" classname="com.webtest.demo.Management_Dynamic_Test"/>
  <system-out/>
  <testcase name="test_like_dynamic" time="6.719" classname="com.webtest.demo.Management_Dynamic_Test"/>
  <system-out/>
  <testcase name="test_unlike_dynamic" time="6.760" classname="com.webtest.demo.Management_Dynamic_Test"/>
  <system-out/>
  <testcase name="test_discuss" time="12.009" classname="com.webtest.demo.Management_Dynamic_Test"/>
  <system-out/>
  <testcase name="test_like_com" time="3.705" classname="com.webtest.demo.Management_Dynamic_Test"/>
  <system-out/>
  <testcase name="test_unlike_com" time="3.655" classname="com.webtest.demo.Management_Dynamic_Test"/>
  <system-out/>
  <testcase name="test_discuss_reply" time="5.706" classname="com.webtest.demo.Management_Dynamic_Test"/>
  <system-out/>
  <testcase name="test_discuss_hide" time="6.224" classname="com.webtest.demo.Management_Dynamic_Test"/>
  <system-out/>
  <testcase name="test_inform_dynamic" time="13.617" classname="com.webtest.demo.Management_Dynamic_Test"/>
  <system-out/>
  <testcase name="test_inform_com_dynamic" time="13.609" classname="com.webtest.demo.Management_Dynamic_Test"/>
  <system-out/>
  <testcase name="test_del_com_dynamic" time="7.050" classname="com.webtest.demo.Management_Dynamic_Test"/>
  <system-out/>
  <testcase name="test_del_dynamic" time="16.184" classname="com.webtest.demo.Management_Dynamic_Test"/>
  <system-out/>
</testsuite> <!-- com.webtest.demo.Management_Dynamic_Test -->
