<?xml version="1.0" encoding="UTF-8"?>
<!-- Generated by org.testng.reporters.JUnitReportReporter -->
<testsuite skipped="0" hostname="DESKTOP-981PDTB" name="com.webtest.demo.Dynamic_test" tests="8" failures="0" timestamp="2020-12-01T11:53:15 CST" time="160.156" errors="0">
  <testcase name="testLogin" time="16.070" classname="com.webtest.demo.Dynamic_test"/>
  <system-out/>
  <testcase name="test_writing_dynamic" time="23.452" classname="com.webtest.demo.Dynamic_test"/>
  <system-out/>
  <testcase name="test_photo_dynamic" time="19.461" classname="com.webtest.demo.Dynamic_test"/>
  <system-out/>
  <testcase name="test_photo2_dynamic" time="22.933" classname="com.webtest.demo.Dynamic_test"/>
  <system-out/>
  <testcase name="test_photo3_dynamic" time="26.157" classname="com.webtest.demo.Dynamic_test"/>
  <system-out/>
  <testcase name="test_topic_dynamic" time="16.392" classname="com.webtest.demo.Dynamic_test"/>
  <system-out/>
  <testcase name="test_expression_dynamic" time="19.732" classname="com.webtest.demo.Dynamic_test"/>
  <system-out/>
  <testcase name="test_enter_dynamic" time="15.959" classname="com.webtest.demo.Dynamic_test"/>
  <system-out/>
</testsuite> <!-- com.webtest.demo.Dynamic_test -->
