<?xml version="1.0" encoding="UTF-8"?>
<!-- Generated by org.testng.reporters.JUnitReportReporter -->
<testsuite skipped="0" hostname="DESKTOP-981PDTB" name="com.webtest.demo.Navigator_Test" tests="16" failures="0" timestamp="2020-12-01T11:53:15 CST" time="196.567" errors="0">
  <testcase name="testLogin" time="12.041" classname="com.webtest.demo.Navigator_Test"/>
  <system-out/>
  <testcase name="test_signIn_date" time="6.876" classname="com.webtest.demo.Navigator_Test"/>
  <system-out/>
  <testcase name="test_signIn" time="7.418" classname="com.webtest.demo.Navigator_Test"/>
  <system-out/>
  <testcase name="test_rank" time="6.936" classname="com.webtest.demo.Navigator_Test"/>
  <system-out/>
  <testcase name="test_attention" time="6.974" classname="com.webtest.demo.Navigator_Test"/>
  <system-out/>
  <testcase name="test_hot_news" time="3.520" classname="com.webtest.demo.Navigator_Test"/>
  <system-out/>
  <testcase name="test_like_news" time="3.538" classname="com.webtest.demo.Navigator_Test"/>
  <system-out/>
  <testcase name="test_home_page" time="11.915" classname="com.webtest.demo.Navigator_Test"/>
  <system-out/>
  <testcase name="test_small_page" time="6.634" classname="com.webtest.demo.Navigator_Test"/>
  <system-out/>
  <testcase name="test_find_identity" time="10.063" classname="com.webtest.demo.Navigator_Test"/>
  <system-out/>
  <testcase name="test_find_area" time="20.188" classname="com.webtest.demo.Navigator_Test"/>
  <system-out/>
  <testcase name="test_attention_find1" time="12.940" classname="com.webtest.demo.Navigator_Test"/>
  <system-out/>
  <testcase name="test_attention_find2" time="14.735" classname="com.webtest.demo.Navigator_Test"/>
  <system-out/>
  <testcase name="test_cancel_attention" time="12.569" classname="com.webtest.demo.Navigator_Test"/>
  <system-out/>
  <testcase name="test_chat" time="29.956" classname="com.webtest.demo.Navigator_Test"/>
  <system-out/>
  <testcase name="test_invite" time="30.264" classname="com.webtest.demo.Navigator_Test"/>
  <system-out/>
</testsuite> <!-- com.webtest.demo.Navigator_Test -->
