<?xml version="1.0" encoding="UTF-8"?>
<!-- Generated by org.testng.reporters.JUnitReportReporter -->
<testsuite skipped="0" hostname="DESKTOP-LSEEA95" name="com.webtest.demo.Admin_ChangAvatar" tests="2" failures="0" timestamp="2020-11-26T20:57:38 CST" time="47.114" errors="0">
  <testcase name="testLogin" time="23.798" classname="com.webtest.demo.Admin_ChangAvatar"/>
  <system-out/>
  <testcase name="testChangeAvatar" time="23.316" classname="com.webtest.demo.Admin_ChangAvatar"/>
  <system-out/>
</testsuite> <!-- com.webtest.demo.Admin_ChangAvatar -->
