<?xml version="1.0" encoding="UTF-8"?>
<!-- Generated by org.testng.reporters.JUnitReportReporter -->
<testsuite skipped="0" hostname="DESKTOP-LSEEA95" name="com.webtest.demo.Admin_DomainName" tests="3" failures="0" timestamp="2020-11-26T11:57:28 CST" time="54.164" errors="0">
  <testcase name="testLogin" time="21.736" classname="com.webtest.demo.Admin_DomainName"/>
  <system-out/>
  <testcase name="testSeturl" time="23.068" classname="com.webtest.demo.Admin_DomainName"/>
  <system-out/>
  <testcase name="testOprenurl" time="9.360" classname="com.webtest.demo.Admin_DomainName"/>
  <system-out/>
</testsuite> <!-- com.webtest.demo.Admin_DomainName -->
