<?xml version="1.0" encoding="UTF-8"?>
<!-- Generated by org.testng.reporters.JUnitReportReporter -->
<testsuite skipped="0" hostname="DESKTOP-LSEEA95" name="com.webtest.demo.Admin_Search" tests="5" failures="0" timestamp="2020-11-23T15:44:35 CST" time="88.323" errors="0">
  <testcase name="testLogin" time="24.757" classname="com.webtest.demo.Admin_Search"/>
  <system-out/>
  <testcase name="testSearch" time="15.513" classname="com.webtest.demo.Admin_Search"/>
  <system-out/>
  <testcase name="testSearchback" time="21.698" classname="com.webtest.demo.Admin_Search"/>
  <system-out/>
  <testcase name="testNotice" time="15.677" classname="com.webtest.demo.Admin_Search"/>
  <system-out/>
  <testcase name="testNoticeEnter" time="10.678" classname="com.webtest.demo.Admin_Search"/>
  <system-out/>
</testsuite> <!-- com.webtest.demo.Admin_Search -->
