<?xml version="1.0" encoding="UTF-8"?>
<!-- Generated by org.testng.reporters.JUnitReportReporter -->
<testsuite skipped="0" hostname="DESKTOP-LSEEA95" name="com.webtest.demo.Admin_View" tests="8" failures="0" timestamp="2020-12-02T08:35:05 CST" time="201.599" errors="0">
  <testcase name="testLogin" time="20.859" classname="com.webtest.demo.Admin_View"/>
  <system-out/>
  <testcase name="testViewData" time="32.377" classname="com.webtest.demo.Admin_View"/>
  <system-out/>
  <testcase name="testViewTitle" time="25.290" classname="com.webtest.demo.Admin_View"/>
  <system-out/>
  <testcase name="testViewIntegral" time="35.772" classname="com.webtest.demo.Admin_View"/>
  <system-out/>
  <testcase name="testViewTopic" time="2.014" classname="com.webtest.demo.Admin_View"/>
  <system-out/>
  <testcase name="testViewLeaderboard" time="23.246" classname="com.webtest.demo.Admin_View"/>
  <system-out/>
  <testcase name="testViewNotice" time="38.881" classname="com.webtest.demo.Admin_View"/>
  <system-out/>
  <testcase name="testViewFavorites" time="23.160" classname="com.webtest.demo.Admin_View"/>
  <system-out/>
</testsuite> <!-- com.webtest.demo.Admin_View -->
