<?xml version="1.0" encoding="UTF-8"?>
<!-- Generated by org.testng.reporters.JUnitReportReporter -->
<testsuite skipped="0" hostname="DESKTOP-LSEEA95" name="com.webtest.demo.Admin_ChangeData" tests="4" failures="0" timestamp="2020-11-26T11:21:15 CST" time="154.583" errors="0">
  <testcase name="testLogin" time="23.840" classname="com.webtest.demo.Admin_ChangeData"/>
  <system-out/>
  <testcase name="testChangeData1" time="56.459" classname="com.webtest.demo.Admin_ChangeData"/>
  <system-out/>
  <testcase name="testChangeData2" time="30.368" classname="com.webtest.demo.Admin_ChangeData"/>
  <system-out/>
  <testcase name="testChangeData3" time="43.916" classname="com.webtest.demo.Admin_ChangeData"/>
  <system-out/>
</testsuite> <!-- com.webtest.demo.Admin_ChangeData -->
