<?xml version="1.0" encoding="UTF-8"?>
<!-- Generated by org.testng.reporters.JUnitReportReporter -->
<testsuite skipped="0" hostname="DESKTOP-LSEEA95" name="com.webtest.demo.Admin_Switch" tests="3" failures="0" timestamp="2020-11-27T11:45:45 CST" time="39.914" errors="0">
  <testcase name="testLogin" time="22.964" classname="com.webtest.demo.Admin_Switch"/>
  <system-out/>
  <testcase name="testToBack" time="9.581" classname="com.webtest.demo.Admin_Switch"/>
  <system-out/>
  <testcase name="testToFront" time="7.369" classname="com.webtest.demo.Admin_Switch"/>
  <system-out/>
</testsuite> <!-- com.webtest.demo.Admin_Switch -->
