<?xml version="1.0" encoding="UTF-8"?>
<!-- Generated by org.testng.reporters.JUnitReportReporter -->
<testsuite skipped="0" hostname="DESKTOP-K59KI9T" name="com.webtest.demo.text" tests="2" failures="0" timestamp="2020-06-12T15:43:19 CST" time="92.071" errors="0">
  <testcase name="changetext" time="29.590" classname="com.webtest.demo.text"/>
  <system-out/>
  <testcase name="addtext" time="62.481" classname="com.webtest.demo.text"/>
  <system-out/>
</testsuite> <!-- com.webtest.demo.text -->
