<?xml version="1.0" encoding="UTF-8"?>
<!-- Generated by org.testng.reporters.JUnitReportReporter -->
<testsuite skipped="0" hostname="DESKTOP-LSEEA95" name="com.webtest.demo.Admin_PersonalCover" tests="2" failures="0" timestamp="2020-11-23T15:35:43 CST" time="48.011" errors="0">
  <testcase name="testLogin" time="21.731" classname="com.webtest.demo.Admin_PersonalCover"/>
  <system-out/>
  <testcase name="testPersonalCover" time="26.280" classname="com.webtest.demo.Admin_PersonalCover"/>
  <system-out/>
</testsuite> <!-- com.webtest.demo.Admin_PersonalCover -->
