<?xml version="1.0" encoding="UTF-8"?>
<!-- Generated by org.testng.reporters.JUnitReportReporter -->
<testsuite skipped="0" hostname="DESKTOP-LSEEA95" name="com.webtest.demo.Admin_Certification" tests="7" failures="0" timestamp="2020-11-27T13:11:27 CST" time="188.076" errors="0">
  <testcase name="testLogin" time="23.885" classname="com.webtest.demo.Admin_Certification"/>
  <system-out/>
  <testcase name="testBindPhNumO" time="28.139" classname="com.webtest.demo.Admin_Certification"/>
  <system-out/>
  <testcase name="testApplicantO" time="23.194" classname="com.webtest.demo.Admin_Certification"/>
  <system-out/>
  <testcase name="testConcernO" time="29.896" classname="com.webtest.demo.Admin_Certification"/>
  <system-out/>
  <testcase name="testInviteO" time="29.433" classname="com.webtest.demo.Admin_Certification"/>
  <system-out/>
  <testcase name="testFansO" time="29.167" classname="com.webtest.demo.Admin_Certification"/>
  <system-out/>
  <testcase name="testApplicantE" time="24.362" classname="com.webtest.demo.Admin_Certification"/>
  <system-out/>
</testsuite> <!-- com.webtest.demo.Admin_Certification -->
