<?xml version="1.0" encoding="UTF-8"?>
<!-- Generated by org.testng.reporters.JUnitReportReporter -->
<testsuite skipped="0" hostname="DESKTOP-LSEEA95" name="com.webtest.demo.Admin_FollowsAndFans" tests="3" failures="0" timestamp="2020-11-25T16:41:39 CST" time="78.569" errors="0">
  <testcase name="testLogin" time="21.741" classname="com.webtest.demo.Admin_FollowsAndFans"/>
  <system-out/>
  <testcase name="testChangeFollowName" time="26.923" classname="com.webtest.demo.Admin_FollowsAndFans"/>
  <system-out/>
  <testcase name="testChangeFanName" time="29.905" classname="com.webtest.demo.Admin_FollowsAndFans"/>
  <system-out/>
</testsuite> <!-- com.webtest.demo.Admin_FollowsAndFans -->
