<?xml version="1.0" encoding="UTF-8"?>
<!-- Generated by org.testng.reporters.JUnitReportReporter -->
<testsuite skipped="0" hostname="DESKTOP-LSEEA95" name="com.webtest.dataprovider.NSDataProvider" tests="1" failures="0" timestamp="2020-11-16T09:20:38 CST" time="0.003" errors="0">
  <testcase name="testDB" time="0.003" classname="com.webtest.dataprovider.NSDataProvider"/>
  <system-out/>
</testsuite> <!-- com.webtest.dataprovider.NSDataProvider -->
