<?xml version="1.0" encoding="UTF-8"?>
<!-- Generated by org.testng.reporters.JUnitReportReporter -->
<testsuite skipped="0" hostname="DESKTOP-LSEEA95" name="com.webtest.demo.Admin_Changepassword" tests="2" failures="0" timestamp="2020-11-26T21:04:27 CST" time="48.844" errors="0">
  <testcase name="testLogin" time="21.745" classname="com.webtest.demo.Admin_Changepassword"/>
  <system-out/>
  <testcase name="testChangePassword" time="27.099" classname="com.webtest.demo.Admin_Changepassword"/>
  <system-out/>
</testsuite> <!-- com.webtest.demo.Admin_Changepassword -->
