<?xml version="1.0" encoding="UTF-8"?>
<!-- Generated by org.testng.reporters.JUnitReportReporter -->
<testsuite skipped="0" hostname="DESKTOP-LSEEA95" name="com.webtest.demo.Admin_UserTag" tests="3" failures="0" timestamp="2020-11-26T20:46:32 CST" time="78.872" errors="0">
  <testcase name="testLogin" time="24.394" classname="com.webtest.demo.Admin_UserTag"/>
  <system-out/>
  <testcase name="testSettag" time="26.253" classname="com.webtest.demo.Admin_UserTag"/>
  <system-out/>
  <testcase name="testDelete20tag" time="28.225" classname="com.webtest.demo.Admin_UserTag"/>
  <system-out/>
</testsuite> <!-- com.webtest.demo.Admin_UserTag -->
