<?xml version="1.0" encoding="UTF-8"?>
<!-- Generated by org.testng.reporters.JUnitReportReporter -->
<testsuite skipped="0" hostname="LAPTOP-UOTE3Q5R" name="com.webtest.wgh.TopicDemo" tests="4" failures="0" timestamp="2020-12-11T15:30:53 CST" time="43.786" errors="0">
  <testcase name="testLogin" time="11.594" classname="com.webtest.wgh.TopicDemo"/>
  <system-out/>
  <testcase name="test41" time="13.120" classname="com.webtest.wgh.TopicDemo"/>
  <system-out/>
  <testcase name="test42" time="9.533" classname="com.webtest.wgh.TopicDemo"/>
  <system-out/>
  <testcase name="test43" time="9.539" classname="com.webtest.wgh.TopicDemo"/>
  <system-out/>
</testsuite> <!-- com.webtest.wgh.TopicDemo -->
