<?xml version="1.0" encoding="UTF-8"?>
<!-- Generated by org.testng.reporters.JUnitReportReporter -->
<testsuite skipped="0" hostname="LAPTOP-UOTE3Q5R" name="com.webtest.myx.adPosition" tests="6" failures="0" timestamp="2020-12-11T15:30:53 CST" time="98.608" errors="0">
  <testcase name="testLogin" time="12.537" classname="com.webtest.myx.adPosition"/>
  <system-out/>
  <testcase name="test16" time="30.527" classname="com.webtest.myx.adPosition"/>
  <system-out/>
  <testcase name="test32" time="27.081" classname="com.webtest.myx.adPosition"/>
  <system-out/>
  <testcase name="test33" time="10.578" classname="com.webtest.myx.adPosition"/>
  <system-out/>
  <testcase name="test34" time="7.347" classname="com.webtest.myx.adPosition"/>
  <system-out/>
  <testcase name="test35" time="10.538" classname="com.webtest.myx.adPosition"/>
  <system-out/>
</testsuite> <!-- com.webtest.myx.adPosition -->
