<?xml version="1.0" encoding="UTF-8"?>
<!-- Generated by org.testng.reporters.JUnitReportReporter -->
<testsuite skipped="0" hostname="LAPTOP-UOTE3Q5R" name="com.webtest.wgh.WebsitestatisticsDemo" tests="4" failures="0" timestamp="2020-12-11T15:30:53 CST" time="24.191" errors="0">
  <testcase name="testLogin" time="11.016" classname="com.webtest.wgh.WebsitestatisticsDemo"/>
  <system-out/>
  <testcase name="test12" time="3.458" classname="com.webtest.wgh.WebsitestatisticsDemo"/>
  <system-out/>
  <testcase name="test13" time="6.495" classname="com.webtest.wgh.WebsitestatisticsDemo"/>
  <system-out/>
  <testcase name="test14" time="3.222" classname="com.webtest.wgh.WebsitestatisticsDemo"/>
  <system-out/>
</testsuite> <!-- com.webtest.wgh.WebsitestatisticsDemo -->
