<?xml version="1.0" encoding="UTF-8"?>
<!-- Generated by org.testng.reporters.JUnitReportReporter -->
<testsuite skipped="0" hostname="LAPTOP-UOTE3Q5R" name="com.webtest.lxc.Admin_Changepassword" tests="2" failures="0" timestamp="2020-12-11T15:30:53 CST" time="48.234" errors="0">
  <testcase name="testLogin" time="21.090" classname="com.webtest.lxc.Admin_Changepassword"/>
  <system-out/>
  <testcase name="testChangePassword" time="27.144" classname="com.webtest.lxc.Admin_Changepassword"/>
  <system-out/>
</testsuite> <!-- com.webtest.lxc.Admin_Changepassword -->
