<?xml version="1.0" encoding="UTF-8"?>
<!-- Generated by org.testng.reporters.JUnitReportReporter -->
<testsuite skipped="0" hostname="LAPTOP-UOTE3Q5R" name="com.webtest.why.edit_model" tests="11" failures="0" timestamp="2020-12-11T15:30:53 CST" time="157.640" errors="0">
  <testcase name="testLogin" time="11.131" classname="com.webtest.why.edit_model"/>
  <system-out/>
  <testcase name="why20test" time="20.479" classname="com.webtest.why.edit_model"/>
  <system-out/>
  <testcase name="why21test" time="15.758" classname="com.webtest.why.edit_model"/>
  <system-out/>
  <testcase name="why22test" time="15.806" classname="com.webtest.why.edit_model"/>
  <system-out/>
  <testcase name="why23test" time="16.321" classname="com.webtest.why.edit_model"/>
  <system-out/>
  <testcase name="why24test" time="28.223" classname="com.webtest.why.edit_model"/>
  <system-out/>
  <testcase name="why25test" time="9.490" classname="com.webtest.why.edit_model"/>
  <system-out/>
  <testcase name="why26test" time="15.968" classname="com.webtest.why.edit_model"/>
  <system-out/>
  <testcase name="why27test" time="7.497" classname="com.webtest.why.edit_model"/>
  <system-out/>
  <testcase name="why28test" time="6.258" classname="com.webtest.why.edit_model"/>
  <system-out/>
  <testcase name="why30test" time="10.709" classname="com.webtest.why.edit_model"/>
  <system-out/>
</testsuite> <!-- com.webtest.why.edit_model -->
