<?xml version="1.0" encoding="UTF-8"?>
<!-- Generated by org.testng.reporters.JUnitReportReporter -->
<testsuite skipped="0" hostname="LAPTOP-UOTE3Q5R" name="com.webtest.jxy.Topic_Test" tests="9" failures="0" timestamp="2020-12-11T15:30:53 CST" time="86.607" errors="0">
  <testcase name="testLogin" time="11.866" classname="com.webtest.jxy.Topic_Test"/>
  <system-out/>
  <testcase name="test_see_topic" time="7.555" classname="com.webtest.jxy.Topic_Test"/>
  <system-out/>
  <testcase name="test_show_topic" time="7.120" classname="com.webtest.jxy.Topic_Test"/>
  <system-out/>
  <testcase name="test_topic_dynamic" time="10.263" classname="com.webtest.jxy.Topic_Test"/>
  <system-out/>
  <testcase name="test_follow_topic" time="3.267" classname="com.webtest.jxy.Topic_Test"/>
  <system-out/>
  <testcase name="test_host_topic" time="3.256" classname="com.webtest.jxy.Topic_Test"/>
  <system-out/>
  <testcase name="test_host_manager_topic" time="10.402" classname="com.webtest.jxy.Topic_Test"/>
  <system-out/>
  <testcase name="test_recommend_topic" time="16.532" classname="com.webtest.jxy.Topic_Test"/>
  <system-out/>
  <testcase name="test_manage_host_topic" time="16.346" classname="com.webtest.jxy.Topic_Test"/>
  <system-out/>
</testsuite> <!-- com.webtest.jxy.Topic_Test -->
