<?xml version="1.0" encoding="UTF-8"?>
<!-- Generated by org.testng.reporters.JUnitReportReporter -->
<testsuite skipped="0" hostname="LAPTOP-UOTE3Q5R" name="com.webtest.wgh.RetentionDemo" tests="4" failures="0" timestamp="2020-12-11T15:30:53 CST" time="30.526" errors="0">
  <testcase name="testLogin" time="11.000" classname="com.webtest.wgh.RetentionDemo"/>
  <system-out/>
  <testcase name="test19" time="3.416" classname="com.webtest.wgh.RetentionDemo"/>
  <system-out/>
  <testcase name="test20" time="3.219" classname="com.webtest.wgh.RetentionDemo"/>
  <system-out/>
  <testcase name="test21" time="12.891" classname="com.webtest.wgh.RetentionDemo"/>
  <system-out/>
</testsuite> <!-- com.webtest.wgh.RetentionDemo -->
