<?xml version="1.0" encoding="UTF-8"?>
<!-- Generated by org.testng.reporters.JUnitReportReporter -->
<testsuite skipped="0" hostname="LAPTOP-UOTE3Q5R" name="com.webtest.why.huihualiebiao" tests="9" failures="0" timestamp="2020-12-09T11:06:59 CST" time="72.334" errors="0">
  <testcase name="testLogin" time="11.133" classname="com.webtest.why.huihualiebiao"/>
  <system-out/>
  <testcase name="why1test" time="8.834" classname="com.webtest.why.huihualiebiao"/>
  <system-out/>
  <testcase name="why2test" time="7.328" classname="com.webtest.why.huihualiebiao"/>
  <system-out/>
  <testcase name="why3test" time="7.495" classname="com.webtest.why.huihualiebiao"/>
  <system-out/>
  <testcase name="why4test" time="10.691" classname="com.webtest.why.huihualiebiao"/>
  <system-out/>
  <testcase name="why5test" time="7.490" classname="com.webtest.why.huihualiebiao"/>
  <system-out/>
  <testcase name="why6test" time="7.459" classname="com.webtest.why.huihualiebiao"/>
  <system-out/>
  <testcase name="why7test" time="7.471" classname="com.webtest.why.huihualiebiao"/>
  <system-out/>
  <testcase name="why8test" time="4.433" classname="com.webtest.why.huihualiebiao"/>
  <system-out/>
</testsuite> <!-- com.webtest.why.huihualiebiao -->
