<?xml version="1.0" encoding="UTF-8"?>
<!-- Generated by org.testng.reporters.JUnitReportReporter -->
<testsuite skipped="0" hostname="LAPTOP-UOTE3Q5R" name="com.webtest.jxy.Dynamic_test" tests="8" failures="0" timestamp="2020-12-11T15:30:53 CST" time="129.541" errors="0">
  <testcase name="testLogin" time="11.837" classname="com.webtest.jxy.Dynamic_test"/>
  <system-out/>
  <testcase name="test_writing_dynamic" time="23.492" classname="com.webtest.jxy.Dynamic_test"/>
  <system-out/>
  <testcase name="test_photo_dynamic" time="16.066" classname="com.webtest.jxy.Dynamic_test"/>
  <system-out/>
  <testcase name="test_photo2_dynamic" time="16.408" classname="com.webtest.jxy.Dynamic_test"/>
  <system-out/>
  <testcase name="test_photo3_dynamic" time="16.719" classname="com.webtest.jxy.Dynamic_test"/>
  <system-out/>
  <testcase name="test_topic_dynamic" time="13.042" classname="com.webtest.jxy.Dynamic_test"/>
  <system-out/>
  <testcase name="test_expression_dynamic" time="16.260" classname="com.webtest.jxy.Dynamic_test"/>
  <system-out/>
  <testcase name="test_enter_dynamic" time="15.717" classname="com.webtest.jxy.Dynamic_test"/>
  <system-out/>
</testsuite> <!-- com.webtest.jxy.Dynamic_test -->
