<?xml version="1.0" encoding="UTF-8"?>
<!-- Generated by org.testng.reporters.JUnitReportReporter -->
<testsuite skipped="0" hostname="LAPTOP-UOTE3Q5R" name="com.webtest.lxc.Admin_Search" tests="5" failures="0" timestamp="2020-12-11T15:30:52 CST" time="46.167" errors="0">
  <testcase name="testLogin" time="15.110" classname="com.webtest.lxc.Admin_Search"/>
  <system-out/>
  <testcase name="testSearch" time="9.014" classname="com.webtest.lxc.Admin_Search"/>
  <system-out/>
  <testcase name="testSearchback" time="12.022" classname="com.webtest.lxc.Admin_Search"/>
  <system-out/>
  <testcase name="testNotice" time="6.011" classname="com.webtest.lxc.Admin_Search"/>
  <system-out/>
  <testcase name="testNoticeEnter" time="4.010" classname="com.webtest.lxc.Admin_Search"/>
  <system-out/>
</testsuite> <!-- com.webtest.lxc.Admin_Search -->
