<?xml version="1.0" encoding="UTF-8"?>
<!-- Generated by org.testng.reporters.JUnitReportReporter -->
<testsuite skipped="0" hostname="LAPTOP-UOTE3Q5R" name="com.webtest.lxc.Admin_DomainName" tests="3" failures="0" timestamp="2020-12-11T15:30:52 CST" time="55.405" errors="0">
  <testcase name="testLogin" time="21.236" classname="com.webtest.lxc.Admin_DomainName"/>
  <system-out/>
  <testcase name="testSeturl" time="23.104" classname="com.webtest.lxc.Admin_DomainName"/>
  <system-out/>
  <testcase name="testOprenurl" time="11.065" classname="com.webtest.lxc.Admin_DomainName"/>
  <system-out/>
</testsuite> <!-- com.webtest.lxc.Admin_DomainName -->
