<?xml version="1.0" encoding="UTF-8"?>
<!-- Generated by org.testng.reporters.JUnitReportReporter -->
<testsuite skipped="0" hostname="LAPTOP-UOTE3Q5R" name="com.webtest.jxy.Browse_Test" tests="10" failures="0" timestamp="2020-12-11T15:30:53 CST" time="73.796" errors="0">
  <testcase name="testLogin" time="19.489" classname="com.webtest.jxy.Browse_Test"/>
  <system-out/>
  <testcase name="test_show_all" time="11.567" classname="com.webtest.jxy.Browse_Test"/>
  <system-out/>
  <testcase name="test_show_photo" time="10.512" classname="com.webtest.jxy.Browse_Test"/>
  <system-out/>
  <testcase name="test_show_time" time="3.134" classname="com.webtest.jxy.Browse_Test"/>
  <system-out/>
  <testcase name="test_show_bigphoto" time="6.244" classname="com.webtest.jxy.Browse_Test"/>
  <system-out/>
  <testcase name="test_next_bigphoto" time="6.565" classname="com.webtest.jxy.Browse_Test"/>
  <system-out/>
  <testcase name="test_turn_right" time="3.215" classname="com.webtest.jxy.Browse_Test"/>
  <system-out/>
  <testcase name="test_turn_left" time="3.217" classname="com.webtest.jxy.Browse_Test"/>
  <system-out/>
  <testcase name="test_all_bigphoto" time="6.637" classname="com.webtest.jxy.Browse_Test"/>
  <system-out/>
  <testcase name="test_esc_bigphoto" time="3.216" classname="com.webtest.jxy.Browse_Test"/>
  <system-out/>
</testsuite> <!-- com.webtest.jxy.Browse_Test -->
