<?xml version="1.0" encoding="UTF-8"?>
<!-- Generated by org.testng.reporters.JUnitReportReporter -->
<testsuite skipped="0" hostname="LAPTOP-UOTE3Q5R" name="com.webtest.wgh.ActiveUserDemo" tests="4" failures="0" timestamp="2020-12-14T15:49:13 CST" time="30.752" errors="0">
  <testcase name="testLogin" time="11.058" classname="com.webtest.wgh.ActiveUserDemo"/>
  <system-out/>
  <testcase name="test16" time="3.572" classname="com.webtest.wgh.ActiveUserDemo"/>
  <system-out/>
  <testcase name="test17" time="12.902" classname="com.webtest.wgh.ActiveUserDemo"/>
  <system-out/>
  <testcase name="test18" time="3.220" classname="com.webtest.wgh.ActiveUserDemo"/>
  <system-out/>
</testsuite> <!-- com.webtest.wgh.ActiveUserDemo -->
