<?xml version="1.0" encoding="UTF-8"?>
<!-- Generated by org.testng.reporters.JUnitReportReporter -->
<testsuite skipped="0" hostname="LAPTOP-UOTE3Q5R" name="com.webtest.why.conversation_list" tests="9" failures="0" timestamp="2020-12-11T15:30:53 CST" time="72.051" errors="0">
  <testcase name="testLogin" time="11.094" classname="com.webtest.why.conversation_list"/>
  <system-out/>
  <testcase name="why1test" time="8.821" classname="com.webtest.why.conversation_list"/>
  <system-out/>
  <testcase name="why2test" time="7.287" classname="com.webtest.why.conversation_list"/>
  <system-out/>
  <testcase name="why3test" time="7.449" classname="com.webtest.why.conversation_list"/>
  <system-out/>
  <testcase name="why4test" time="10.657" classname="com.webtest.why.conversation_list"/>
  <system-out/>
  <testcase name="why5test" time="7.461" classname="com.webtest.why.conversation_list"/>
  <system-out/>
  <testcase name="why6test" time="7.437" classname="com.webtest.why.conversation_list"/>
  <system-out/>
  <testcase name="why7test" time="7.474" classname="com.webtest.why.conversation_list"/>
  <system-out/>
  <testcase name="why8test" time="4.371" classname="com.webtest.why.conversation_list"/>
  <system-out/>
</testsuite> <!-- com.webtest.why.conversation_list -->
