<?xml version="1.0" encoding="UTF-8"?>
<!-- Generated by org.testng.reporters.JUnitReportReporter -->
<testsuite skipped="0" hostname="LAPTOP-UOTE3Q5R" name="com.webtest.myx.pointLog" tests="3" failures="0" timestamp="2020-12-11T15:30:53 CST" time="29.693" errors="0">
  <testcase name="testLogin" time="11.929" classname="com.webtest.myx.pointLog"/>
  <system-out/>
  <testcase name="test43" time="10.505" classname="com.webtest.myx.pointLog"/>
  <system-out/>
  <testcase name="test42" time="7.259" classname="com.webtest.myx.pointLog"/>
  <system-out/>
</testsuite> <!-- com.webtest.myx.pointLog -->
