<?xml version="1.0" encoding="UTF-8"?>
<!-- Generated by org.testng.reporters.JUnitReportReporter -->
<testsuite skipped="0" hostname="LAPTOP-UOTE3Q5R" name="com.webtest.myx.Public" tests="5" failures="0" timestamp="2020-12-11T15:30:53 CST" time="57.838" errors="0">
  <testcase name="testLogin" time="11.973" classname="com.webtest.myx.Public"/>
  <system-out/>
  <testcase name="test1" time="14.418" classname="com.webtest.myx.Public"/>
  <system-out/>
  <testcase name="test2" time="10.487" classname="com.webtest.myx.Public"/>
  <system-out/>
  <testcase name="test3" time="10.489" classname="com.webtest.myx.Public"/>
  <system-out/>
  <testcase name="test4" time="10.471" classname="com.webtest.myx.Public"/>
  <system-out/>
</testsuite> <!-- com.webtest.myx.Public -->
