<?xml version="1.0" encoding="UTF-8"?>
<!-- Generated by org.testng.reporters.JUnitReportReporter -->
<testsuite skipped="0" hostname="LAPTOP-UOTE3Q5R" name="com.webtest.wgh.IntoFrontDemo" tests="2" failures="0" timestamp="2020-12-11T15:30:52 CST" time="14.202" errors="0">
  <testcase name="testLogin" time="10.978" classname="com.webtest.wgh.IntoFrontDemo"/>
  <system-out/>
  <testcase name="test23" time="3.224" classname="com.webtest.wgh.IntoFrontDemo"/>
  <system-out/>
</testsuite> <!-- com.webtest.wgh.IntoFrontDemo -->
