<?xml version="1.0" encoding="UTF-8"?>
<!-- Generated by org.testng.reporters.JUnitReportReporter -->
<testsuite skipped="0" hostname="LAPTOP-UOTE3Q5R" name="com.webtest.myx.LoginDemo" tests="1" failures="0" timestamp="2020-12-11T15:30:53 CST" time="12.032" errors="0">
  <testcase name="testLogin" time="12.032" classname="com.webtest.myx.LoginDemo"/>
  <system-out/>
</testsuite> <!-- com.webtest.myx.LoginDemo -->
