<?xml version="1.0" encoding="UTF-8"?>
<!-- Generated by org.testng.reporters.JUnitReportReporter -->
<testsuite skipped="0" hostname="LAPTOP-UOTE3Q5R" name="com.webtest.lxc.Admin_View" tests="8" failures="0" timestamp="2020-12-11T15:30:53 CST" time="200.232" errors="0">
  <testcase name="testLogin" time="20.911" classname="com.webtest.lxc.Admin_View"/>
  <system-out/>
  <testcase name="testViewData" time="32.805" classname="com.webtest.lxc.Admin_View"/>
  <system-out/>
  <testcase name="testViewTitle" time="25.427" classname="com.webtest.lxc.Admin_View"/>
  <system-out/>
  <testcase name="testViewIntegral" time="35.789" classname="com.webtest.lxc.Admin_View"/>
  <system-out/>
  <testcase name="testViewTopic" time="2.006" classname="com.webtest.lxc.Admin_View"/>
  <system-out/>
  <testcase name="testViewLeaderboard" time="21.143" classname="com.webtest.lxc.Admin_View"/>
  <system-out/>
  <testcase name="testViewNotice" time="39.028" classname="com.webtest.lxc.Admin_View"/>
  <system-out/>
  <testcase name="testViewFavorites" time="23.123" classname="com.webtest.lxc.Admin_View"/>
  <system-out/>
</testsuite> <!-- com.webtest.lxc.Admin_View -->
