<?xml version="1.0" encoding="UTF-8"?>
<!-- Generated by org.testng.reporters.JUnitReportReporter -->
<testsuite skipped="0" hostname="LAPTOP-UOTE3Q5R" name="com.webtest.myx.pointRule" tests="5" failures="0" timestamp="2020-12-11T15:30:53 CST" time="73.595" errors="0">
  <testcase name="testLogin" time="10.934" classname="com.webtest.myx.pointRule"/>
  <system-out/>
  <testcase name="test49" time="22.019" classname="com.webtest.myx.pointRule"/>
  <system-out/>
  <testcase name="test51" time="13.559" classname="com.webtest.myx.pointRule"/>
  <system-out/>
  <testcase name="test50" time="13.549" classname="com.webtest.myx.pointRule"/>
  <system-out/>
  <testcase name="test52" time="13.534" classname="com.webtest.myx.pointRule"/>
  <system-out/>
</testsuite> <!-- com.webtest.myx.pointRule -->
