<?xml version="1.0" encoding="UTF-8"?>
<!-- Generated by org.testng.reporters.JUnitReportReporter -->
<testsuite skipped="0" hostname="LAPTOP-UOTE3Q5R" name="com.webtest.why.conversation_model" tests="8" failures="0" timestamp="2020-12-11T15:30:52 CST" time="59.175" errors="0">
  <testcase name="testLogin" time="11.076" classname="com.webtest.why.conversation_model"/>
  <system-out/>
  <testcase name="why9test" time="8.717" classname="com.webtest.why.conversation_model"/>
  <system-out/>
  <testcase name="why10test" time="5.277" classname="com.webtest.why.conversation_model"/>
  <system-out/>
  <testcase name="why11test" time="7.465" classname="com.webtest.why.conversation_model"/>
  <system-out/>
  <testcase name="why12test" time="7.423" classname="com.webtest.why.conversation_model"/>
  <system-out/>
  <testcase name="why13test" time="7.426" classname="com.webtest.why.conversation_model"/>
  <system-out/>
  <testcase name="why14test" time="7.438" classname="com.webtest.why.conversation_model"/>
  <system-out/>
  <testcase name="why15test" time="4.353" classname="com.webtest.why.conversation_model"/>
  <system-out/>
</testsuite> <!-- com.webtest.why.conversation_model -->
