<?xml version="1.0" encoding="UTF-8"?>
<!-- Generated by org.testng.reporters.JUnitReportReporter -->
<testsuite skipped="0" hostname="LAPTOP-UOTE3Q5R" name="com.webtest.lxc.Admin_ChangAvatar" tests="2" failures="0" timestamp="2020-12-11T15:30:53 CST" time="44.023" errors="0">
  <testcase name="testLogin" time="20.869" classname="com.webtest.lxc.Admin_ChangAvatar"/>
  <system-out/>
  <testcase name="testChangeAvatar" time="23.154" classname="com.webtest.lxc.Admin_ChangAvatar"/>
  <system-out/>
</testsuite> <!-- com.webtest.lxc.Admin_ChangAvatar -->
