<?xml version="1.0" encoding="UTF-8"?>
<!-- Generated by org.testng.reporters.JUnitReportReporter -->
<testsuite skipped="0" hostname="LAPTOP-UOTE3Q5R" name="com.webtest.why.huihuamuban" tests="8" failures="0" timestamp="2020-12-09T11:08:26 CST" time="59.442" errors="0">
  <testcase name="testLogin" time="11.076" classname="com.webtest.why.huihuamuban"/>
  <system-out/>
  <testcase name="why9test" time="8.784" classname="com.webtest.why.huihuamuban"/>
  <system-out/>
  <testcase name="why10test" time="5.309" classname="com.webtest.why.huihuamuban"/>
  <system-out/>
  <testcase name="why11test" time="7.506" classname="com.webtest.why.huihuamuban"/>
  <system-out/>
  <testcase name="why12test" time="7.444" classname="com.webtest.why.huihuamuban"/>
  <system-out/>
  <testcase name="why13test" time="7.478" classname="com.webtest.why.huihuamuban"/>
  <system-out/>
  <testcase name="why14test" time="7.451" classname="com.webtest.why.huihuamuban"/>
  <system-out/>
  <testcase name="why15test" time="4.394" classname="com.webtest.why.huihuamuban"/>
  <system-out/>
</testsuite> <!-- com.webtest.why.huihuamuban -->
