<?xml version="1.0" encoding="UTF-8"?>
<!-- Generated by org.testng.reporters.JUnitReportReporter -->
<testsuite skipped="0" hostname="LAPTOP-UOTE3Q5R" name="com.webtest.jxy.Navigator_Test" tests="16" failures="0" timestamp="2020-12-11T15:30:53 CST" time="189.084" errors="0">
  <testcase name="testLogin" time="12.802" classname="com.webtest.jxy.Navigator_Test"/>
  <system-out/>
  <testcase name="test_signIn_date" time="6.893" classname="com.webtest.jxy.Navigator_Test"/>
  <system-out/>
  <testcase name="test_signIn" time="7.046" classname="com.webtest.jxy.Navigator_Test"/>
  <system-out/>
  <testcase name="test_rank" time="6.958" classname="com.webtest.jxy.Navigator_Test"/>
  <system-out/>
  <testcase name="test_attention" time="6.943" classname="com.webtest.jxy.Navigator_Test"/>
  <system-out/>
  <testcase name="test_hot_news" time="3.466" classname="com.webtest.jxy.Navigator_Test"/>
  <system-out/>
  <testcase name="test_like_news" time="3.439" classname="com.webtest.jxy.Navigator_Test"/>
  <system-out/>
  <testcase name="test_home_page" time="9.903" classname="com.webtest.jxy.Navigator_Test"/>
  <system-out/>
  <testcase name="test_small_page" time="6.588" classname="com.webtest.jxy.Navigator_Test"/>
  <system-out/>
  <testcase name="test_find_identity" time="9.973" classname="com.webtest.jxy.Navigator_Test"/>
  <system-out/>
  <testcase name="test_find_area" time="19.504" classname="com.webtest.jxy.Navigator_Test"/>
  <system-out/>
  <testcase name="test_attention_find1" time="12.680" classname="com.webtest.jxy.Navigator_Test"/>
  <system-out/>
  <testcase name="test_attention_find2" time="12.902" classname="com.webtest.jxy.Navigator_Test"/>
  <system-out/>
  <testcase name="test_cancel_attention" time="12.317" classname="com.webtest.jxy.Navigator_Test"/>
  <system-out/>
  <testcase name="test_chat" time="29.559" classname="com.webtest.jxy.Navigator_Test"/>
  <system-out/>
  <testcase name="test_invite" time="28.111" classname="com.webtest.jxy.Navigator_Test"/>
  <system-out/>
</testsuite> <!-- com.webtest.jxy.Navigator_Test -->
