<?xml version="1.0" encoding="UTF-8"?>
<!-- Generated by org.testng.reporters.JUnitReportReporter -->
<testsuite skipped="0" hostname="LAPTOP-UOTE3Q5R" name="com.webtest.why.conversation_settings" tests="3" failures="0" timestamp="2020-12-11T15:30:52 CST" time="25.793" errors="0">
  <testcase name="testLogin" time="11.012" classname="com.webtest.why.conversation_settings"/>
  <system-out/>
  <testcase name="why16test" time="12.767" classname="com.webtest.why.conversation_settings"/>
  <system-out/>
  <testcase name="why17test" time="2.014" classname="com.webtest.why.conversation_settings"/>
  <system-out/>
</testsuite> <!-- com.webtest.why.conversation_settings -->
