<?xml version="1.0" encoding="UTF-8"?>
<!-- Generated by org.testng.reporters.JUnitReportReporter -->
<testsuite skipped="0" hostname="LAPTOP-UOTE3Q5R" name="com.webtest.myx.invitemanage" tests="4" failures="0" timestamp="2020-12-11T15:30:52 CST" time="44.921" errors="0">
  <testcase name="testLogin" time="12.054" classname="com.webtest.myx.invitemanage"/>
  <system-out/>
  <testcase name="test75" time="13.943" classname="com.webtest.myx.invitemanage"/>
  <system-out/>
  <testcase name="test76" time="11.479" classname="com.webtest.myx.invitemanage"/>
  <system-out/>
  <testcase name="test80" time="7.445" classname="com.webtest.myx.invitemanage"/>
  <system-out/>
</testsuite> <!-- com.webtest.myx.invitemanage -->
