<?xml version="1.0" encoding="UTF-8"?>
<!-- Generated by org.testng.reporters.JUnitReportReporter -->
<testsuite skipped="0" hostname="LAPTOP-UOTE3Q5R" name="com.webtest.wgh.ReplyCommentDemo" tests="3" failures="0" timestamp="2020-12-11T15:30:52 CST" time="31.992" errors="0">
  <testcase name="testLogin" time="11.064" classname="com.webtest.wgh.ReplyCommentDemo"/>
  <system-out/>
  <testcase name="test49" time="12.878" classname="com.webtest.wgh.ReplyCommentDemo"/>
  <system-out/>
  <testcase name="test50" time="8.050" classname="com.webtest.wgh.ReplyCommentDemo"/>
  <system-out/>
</testsuite> <!-- com.webtest.wgh.ReplyCommentDemo -->
