<?xml version="1.0" encoding="UTF-8"?>
<!-- Generated by org.testng.reporters.JUnitReportReporter -->
<testsuite skipped="0" hostname="LAPTOP-UOTE3Q5R" name="com.webtest.wgh.WeibodynamicDemo" tests="8" failures="0" timestamp="2020-12-11T15:30:52 CST" time="80.014" errors="0">
  <testcase name="testLogin" time="11.002" classname="com.webtest.wgh.WeibodynamicDemo"/>
  <system-out/>
  <testcase name="test34" time="9.649" classname="com.webtest.wgh.WeibodynamicDemo"/>
  <system-out/>
  <testcase name="test35" time="6.083" classname="com.webtest.wgh.WeibodynamicDemo"/>
  <system-out/>
  <testcase name="test36" time="6.081" classname="com.webtest.wgh.WeibodynamicDemo"/>
  <system-out/>
  <testcase name="test37" time="12.598" classname="com.webtest.wgh.WeibodynamicDemo"/>
  <system-out/>
  <testcase name="test38" time="12.597" classname="com.webtest.wgh.WeibodynamicDemo"/>
  <system-out/>
  <testcase name="test39" time="12.581" classname="com.webtest.wgh.WeibodynamicDemo"/>
  <system-out/>
  <testcase name="test40" time="9.423" classname="com.webtest.wgh.WeibodynamicDemo"/>
  <system-out/>
</testsuite> <!-- com.webtest.wgh.WeibodynamicDemo -->
