<?xml version="1.0" encoding="UTF-8"?>
<!-- Generated by org.testng.reporters.JUnitReportReporter -->
<testsuite skipped="0" hostname="LAPTOP-UOTE3Q5R" name="com.webtest.demo.Admin_Login" tests="1" failures="0" timestamp="2020-12-02T16:50:47 CST" time="10.678" errors="0">
  <testcase name="testLogin" time="10.678" classname="com.webtest.demo.Admin_Login"/>
  <system-out/>
</testsuite> <!-- com.webtest.demo.Admin_Login -->
