<?xml version="1.0" encoding="UTF-8"?>
<!-- Generated by org.testng.reporters.JUnitReportReporter -->
<testsuite skipped="0" hostname="LAPTOP-UOTE3Q5R" name="com.webtest.myx.limit" tests="5" failures="0" timestamp="2020-12-11T15:30:53 CST" time="64.801" errors="0">
  <testcase name="testLogin" time="11.977" classname="com.webtest.myx.limit"/>
  <system-out/>
  <testcase name="test67" time="31.021" classname="com.webtest.myx.limit"/>
  <system-out/>
  <testcase name="test69" time="7.259" classname="com.webtest.myx.limit"/>
  <system-out/>
  <testcase name="test68" time="7.264" classname="com.webtest.myx.limit"/>
  <system-out/>
  <testcase name="test70" time="7.280" classname="com.webtest.myx.limit"/>
  <system-out/>
</testsuite> <!-- com.webtest.myx.limit -->
