<?xml version="1.0" encoding="UTF-8"?>
<!-- Generated by org.testng.reporters.JUnitReportReporter -->
<testsuite skipped="0" hostname="LAPTOP-UOTE3Q5R" name="com.webtest.myx.Admin_Login" tests="1" failures="0" timestamp="2020-12-11T15:30:52 CST" time="16.774" errors="0">
  <testcase name="testLogin" time="16.774" classname="com.webtest.myx.Admin_Login"/>
  <system-out/>
</testsuite> <!-- com.webtest.myx.Admin_Login -->
