<?xml version="1.0" encoding="UTF-8"?>
<!-- Generated by org.testng.reporters.JUnitReportReporter -->
<testsuite skipped="0" hostname="LAPTOP-UOTE3Q5R" name="com.webtest.myx.pointType" tests="4" failures="0" timestamp="2020-12-11T15:30:52 CST" time="46.044" errors="0">
  <testcase name="testLogin" time="10.953" classname="com.webtest.myx.pointType"/>
  <system-out/>
  <testcase name="test44" time="14.085" classname="com.webtest.myx.pointType"/>
  <system-out/>
  <testcase name="test46" time="10.494" classname="com.webtest.myx.pointType"/>
  <system-out/>
  <testcase name="test47" time="10.512" classname="com.webtest.myx.pointType"/>
  <system-out/>
</testsuite> <!-- com.webtest.myx.pointType -->
