<?xml version="1.0" encoding="UTF-8"?>
<!-- Generated by org.testng.reporters.JUnitReportReporter -->
<testsuite skipped="0" hostname="LAPTOP-UOTE3Q5R" name="com.webtest.wgh.MembersDemo" tests="5" failures="0" timestamp="2020-12-11T15:30:53 CST" time="46.330" errors="0">
  <testcase name="testLogin" time="11.014" classname="com.webtest.wgh.MembersDemo"/>
  <system-out/>
  <testcase name="test27" time="9.955" classname="com.webtest.wgh.MembersDemo"/>
  <system-out/>
  <testcase name="test28" time="6.220" classname="com.webtest.wgh.MembersDemo"/>
  <system-out/>
  <testcase name="test29" time="9.737" classname="com.webtest.wgh.MembersDemo"/>
  <system-out/>
  <testcase name="test30" time="9.404" classname="com.webtest.wgh.MembersDemo"/>
  <system-out/>
</testsuite> <!-- com.webtest.wgh.MembersDemo -->
