<?xml version="1.0" encoding="UTF-8"?>
<!-- Generated by org.testng.reporters.JUnitReportReporter -->
<testsuite skipped="0" hostname="LAPTOP-UOTE3Q5R" name="com.webtest.myx.sensitiveSetting" tests="3" failures="0" timestamp="2020-12-11T15:30:53 CST" time="32.223" errors="0">
  <testcase name="testLogin" time="10.996" classname="com.webtest.myx.sensitiveSetting"/>
  <system-out/>
  <testcase name="test14" time="10.756" classname="com.webtest.myx.sensitiveSetting"/>
  <system-out/>
  <testcase name="test15" time="10.471" classname="com.webtest.myx.sensitiveSetting"/>
  <system-out/>
</testsuite> <!-- com.webtest.myx.sensitiveSetting -->
