<?xml version="1.0" encoding="UTF-8"?>
<!-- Generated by org.testng.reporters.JUnitReportReporter -->
<testsuite skipped="0" hostname="LAPTOP-UOTE3Q5R" name="com.webtest.lxc.Admin_UserTag" tests="3" failures="0" timestamp="2020-12-11T15:30:52 CST" time="81.449" errors="0">
  <testcase name="testLogin" time="23.643" classname="com.webtest.lxc.Admin_UserTag"/>
  <system-out/>
  <testcase name="testSettag" time="28.026" classname="com.webtest.lxc.Admin_UserTag"/>
  <system-out/>
  <testcase name="testDelete20tag" time="29.780" classname="com.webtest.lxc.Admin_UserTag"/>
  <system-out/>
</testsuite> <!-- com.webtest.lxc.Admin_UserTag -->
