<?xml version="1.0" encoding="UTF-8"?>
<!-- Generated by org.testng.reporters.JUnitReportReporter -->
<testsuite skipped="0" hostname="LAPTOP-UOTE3Q5R" name="com.webtest.wgh.UserDemo" tests="4" failures="0" timestamp="2020-12-11T15:30:53 CST" time="39.863" errors="0">
  <testcase name="testLogin" time="11.004" classname="com.webtest.wgh.UserDemo"/>
  <system-out/>
  <testcase name="test31" time="9.618" classname="com.webtest.wgh.UserDemo"/>
  <system-out/>
  <testcase name="test32" time="9.501" classname="com.webtest.wgh.UserDemo"/>
  <system-out/>
  <testcase name="test33" time="9.740" classname="com.webtest.wgh.UserDemo"/>
  <system-out/>
</testsuite> <!-- com.webtest.wgh.UserDemo -->
