<?xml version="1.0" encoding="UTF-8"?>
<!-- Generated by org.testng.reporters.JUnitReportReporter -->
<testsuite skipped="0" hostname="LAPTOP-UOTE3Q5R" name="com.webtest.wgh.HomePageDemo" tests="2" failures="0" timestamp="2020-12-11T15:30:52 CST" time="17.677" errors="0">
  <testcase name="testLogin" time="11.119" classname="com.webtest.wgh.HomePageDemo"/>
  <system-out/>
  <testcase name="test26" time="6.558" classname="com.webtest.wgh.HomePageDemo"/>
  <system-out/>
</testsuite> <!-- com.webtest.wgh.HomePageDemo -->
