<?xml version="1.0" encoding="UTF-8"?>
<!-- Generated by org.testng.reporters.JUnitReportReporter -->
<testsuite skipped="0" hostname="LAPTOP-UOTE3Q5R" name="com.webtest.wgh.IdentityDemo" tests="3" failures="0" timestamp="2020-12-11T15:30:53 CST" time="33.741" errors="0">
  <testcase name="testLogin" time="11.062" classname="com.webtest.wgh.IdentityDemo"/>
  <system-out/>
  <testcase name="test1" time="9.824" classname="com.webtest.wgh.IdentityDemo"/>
  <system-out/>
  <testcase name="test2" time="12.855" classname="com.webtest.wgh.IdentityDemo"/>
  <system-out/>
</testsuite> <!-- com.webtest.wgh.IdentityDemo -->
