<?xml version="1.0" encoding="UTF-8"?>
<!-- Generated by org.testng.reporters.JUnitReportReporter -->
<testsuite skipped="0" hostname="LAPTOP-UOTE3Q5R" name="com.webtest.why.news_model" tests="2" failures="0" timestamp="2020-12-11T15:30:53 CST" time="36.884" errors="0">
  <testcase name="testLogin" time="11.279" classname="com.webtest.why.news_model"/>
  <system-out/>
  <testcase name="why18test" time="25.605" classname="com.webtest.why.news_model"/>
  <system-out/>
</testsuite> <!-- com.webtest.why.news_model -->
