<?xml version="1.0" encoding="UTF-8"?>
<!-- Generated by org.testng.reporters.JUnitReportReporter -->
<testsuite skipped="0" hostname="LAPTOP-UOTE3Q5R" name="com.webtest.wgh.WeibomanagementDemo" tests="4" failures="0" timestamp="2020-12-11T15:30:52 CST" time="46.615" errors="0">
  <testcase name="testLogin" time="10.984" classname="com.webtest.wgh.WeibomanagementDemo"/>
  <system-out/>
  <testcase name="test44" time="13.180" classname="com.webtest.wgh.WeibomanagementDemo"/>
  <system-out/>
  <testcase name="test45" time="9.573" classname="com.webtest.wgh.WeibomanagementDemo"/>
  <system-out/>
  <testcase name="test46" time="12.878" classname="com.webtest.wgh.WeibomanagementDemo"/>
  <system-out/>
</testsuite> <!-- com.webtest.wgh.WeibomanagementDemo -->
