<?xml version="1.0" encoding="UTF-8"?>
<!-- Generated by org.testng.reporters.JUnitReportReporter -->
<testsuite skipped="0" hostname="DESKTOP-GRMHS0S" name="com.smoketest.testcases.view.AdminLoginTest" tests="1" failures="0" timestamp="2020-11-18T08:51:34 CST" time="8.931" errors="0">
  <testcase name="testLogin" time="8.931" classname="com.smoketest.testcases.view.AdminLoginTest"/>
  <system-out/>
</testsuite> <!-- com.smoketest.testcases.view.AdminLoginTest -->
