<?xml version="1.0" encoding="UTF-8"?>
<!-- Generated by org.testng.reporters.JUnitReportReporter -->
<testsuite skipped="0" hostname="DESKTOP-GRMHS0S" name="com.smoketest.testcases.view.FrontTest" tests="1" failures="0" timestamp="2020-11-18T08:45:43 CST" time="23.398" errors="0">
  <testcase name="testRegister" time="23.398" classname="com.smoketest.testcases.view.FrontTest"/>
  <system-out/>
</testsuite> <!-- com.smoketest.testcases.view.FrontTest -->
