<?xml version="1.0" encoding="UTF-8"?>
<!-- Generated by org.testng.reporters.JUnitReportReporter -->
<testsuite skipped="0" hostname="DESKTOP-GRMHS0S" name="com.webtest.demo.Admin_Login" tests="1" failures="0" timestamp="2020-11-11T08:21:15 CST" time="20.962" errors="0">
  <testcase name="testLogin" time="20.962" classname="com.webtest.demo.Admin_Login"/>
  <system-out/>
</testsuite> <!-- com.webtest.demo.Admin_Login -->
