<?xml version="1.0" encoding="UTF-8"?>
<!-- Generated by org.testng.reporters.JUnitReportReporter -->
<testsuite skipped="0" hostname="DESKTOP-GRMHS0S" name="com.smoketest.testcases.controller.IdentityManagementTest" tests="11" failures="0" timestamp="2020-11-29T16:34:28 CST" time="212.032" errors="0">
  <testcase name="test_correct_display" time="9.369" classname="com.smoketest.testcases.controller.IdentityManagementTest"/>
  <system-out/>
  <testcase name="test_addIdentity" time="25.185" classname="com.smoketest.testcases.controller.IdentityManagementTest"/>
  <system-out/>
  <testcase name="test_startUsing" time="39.334" classname="com.smoketest.testcases.controller.IdentityManagementTest"/>
  <system-out/>
  <testcase name="test_disable" time="50.436" classname="com.smoketest.testcases.controller.IdentityManagementTest"/>
  <system-out/>
  <testcase name="test_correct_displaylist" time="9.787" classname="com.smoketest.testcases.controller.IdentityManagementTest"/>
  <system-out/>
  <testcase name="test_addGroup" time="20.487" classname="com.smoketest.testcases.controller.IdentityManagementTest"/>
  <system-out/>
  <testcase name="test_correct_displayIDlist" time="12.988" classname="com.smoketest.testcases.controller.IdentityManagementTest"/>
  <system-out/>
  <testcase name="test_migrateUsers" time="8.756" classname="com.smoketest.testcases.controller.IdentityManagementTest"/>
  <system-out/>
  <testcase name="test_restart" time="23.608" classname="com.smoketest.testcases.controller.IdentityManagementTest"/>
  <system-out/>
  <testcase name="test_disableUsing" time="7.343" classname="com.smoketest.testcases.controller.IdentityManagementTest"/>
  <system-out/>
  <testcase name="test_initUserId" time="4.739" classname="com.smoketest.testcases.controller.IdentityManagementTest"/>
  <system-out/>
</testsuite> <!-- com.smoketest.testcases.controller.IdentityManagementTest -->
