<?xml version="1.0" encoding="UTF-8"?>
<!-- Generated by org.testng.reporters.JUnitReportReporter -->
<testsuite skipped="0" hostname="DESKTOP-GRMHS0S" name="com.smoketest.testcases.controller.AuthenticationTypeTest" tests="3" failures="0" timestamp="2020-11-23T17:03:29 CST" time="27.128" errors="0">
  <testcase name="test_approveSuccess" time="10.570" classname="com.smoketest.testcases.controller.AuthenticationTypeTest"/>
  <system-out/>
  <testcase name="correct_displayUserInfo" time="10.319" classname="com.smoketest.testcases.controller.AuthenticationTypeTest"/>
  <system-out/>
  <testcase name="test_approveFailed" time="6.239" classname="com.smoketest.testcases.controller.AuthenticationTypeTest"/>
  <system-out/>
</testsuite> <!-- com.smoketest.testcases.controller.AuthenticationTypeTest -->
