<?xml version="1.0" encoding="UTF-8"?>
<!-- Generated by org.testng.reporters.JUnitReportReporter -->
<testsuite skipped="1" hostname="DESKTOP-GRMHS0S" name="com.webtest.dataprovider.NSDataProvider" tests="1" failures="0" timestamp="2020-11-23T08:26:24 CST" time="0.000" errors="0">
  <testcase name="getExcelData" time="0.000" classname="com.webtest.dataprovider.NSDataProvider">
    <skipped/>
  </testcase> <!-- getExcelData -->
  <system-out/>
</testsuite> <!-- com.webtest.dataprovider.NSDataProvider -->
