<?xml version="1.0" encoding="UTF-8"?>
<!-- Generated by org.testng.reporters.JUnitReportReporter -->
<testsuite skipped="0" hostname="DESKTOP-GRMHS0S" name="com.smoketest.testcases.view.Admin_Login" tests="1" failures="0" timestamp="2020-11-16T09:55:06 CST" time="15.287" errors="0">
  <testcase name="testLogin" time="15.287" classname="com.smoketest.testcases.view.Admin_Login"/>
  <system-out/>
</testsuite> <!-- com.smoketest.testcases.view.Admin_Login -->
