<?xml version="1.0" encoding="UTF-8"?>
<!-- Generated by org.testng.reporters.JUnitReportReporter -->
<testsuite skipped="0" hostname="DESKTOP-GRMHS0S" name="com.smoketest.testcases.controller.UserBlockTest" tests="8" failures="0" timestamp="2020-11-28T10:08:04 CST" time="151.396" errors="0">
  <testcase name="test_checkUser" time="4.418" classname="com.smoketest.testcases.controller.UserBlockTest"/>
  <system-out/>
  <testcase name="test_grant" time="26.336" classname="com.smoketest.testcases.controller.UserBlockTest"/>
  <system-out/>
  <testcase name="test_resetPassword" time="18.090" classname="com.smoketest.testcases.controller.UserBlockTest"/>
  <system-out/>
  <testcase name="test_disable" time="28.571" classname="com.smoketest.testcases.controller.UserBlockTest"/>
  <system-out/>
  <testcase name="test_startUsing" time="17.581" classname="com.smoketest.testcases.controller.UserBlockTest"/>
  <system-out/>
  <testcase name="test_selectGroup" time="26.714" classname="com.smoketest.testcases.controller.UserBlockTest"/>
  <system-out/>
  <testcase name="test_ModifyEmailSuffix" time="16.141" classname="com.smoketest.testcases.controller.UserBlockTest"/>
  <system-out/>
  <testcase name="test_searchInfo" time="13.545" classname="com.smoketest.testcases.controller.UserBlockTest"/>
  <system-out/>
</testsuite> <!-- com.smoketest.testcases.controller.UserBlockTest -->
