<?xml version="1.0" encoding="UTF-8"?>
<!-- Generated by org.testng.reporters.JUnitReportReporter -->
<testsuite skipped="0" hostname="DESKTOP-GRMHS0S" name="com.webtest.dataprovider.NSDataProvider" tests="2" failures="0" timestamp="2020-11-16T09:53:47 CST" time="0.006" errors="0">
  <testcase name="testDB" time="0.000" classname="com.webtest.dataprovider.NSDataProvider"/>
  <system-out/>
  <testcase name="getData" time="0.006" classname="com.webtest.dataprovider.NSDataProvider"/>
  <system-out/>
</testsuite> <!-- com.webtest.dataprovider.NSDataProvider -->
