<?xml version="1.0" encoding="UTF-8"?>
<!-- Generated by org.testng.reporters.JUnitReportReporter -->
<testsuite skipped="0" hostname="DESKTOP-GRMHS0S" name="com.smoketest.testcases.controller.CertifiManagementTest" tests="7" failures="0" timestamp="2020-11-28T10:02:13 CST" time="119.566" errors="0">
  <testcase name="test_correct_display" time="10.403" classname="com.smoketest.testcases.controller.CertifiManagementTest"/>
  <system-out/>
  <testcase name="test_setAuthCondition" time="19.391" classname="com.smoketest.testcases.controller.CertifiManagementTest"/>
  <system-out/>
  <testcase name="test_setAuthField" time="32.194" classname="com.smoketest.testcases.controller.CertifiManagementTest"/>
  <system-out/>
  <testcase name="test_edit" time="30.424" classname="com.smoketest.testcases.controller.CertifiManagementTest"/>
  <system-out/>
  <testcase name="test_correct_displayUserInfo" time="10.293" classname="com.smoketest.testcases.controller.CertifiManagementTest"/>
  <system-out/>
  <testcase name="test_approveSuccess" time="10.617" classname="com.smoketest.testcases.controller.CertifiManagementTest"/>
  <system-out/>
  <testcase name="test_approveFailed" time="6.244" classname="com.smoketest.testcases.controller.CertifiManagementTest"/>
  <system-out/>
</testsuite> <!-- com.smoketest.testcases.controller.CertifiManagementTest -->
