<?xml version="1.0" encoding="UTF-8"?>
<!-- Generated by org.testng.reporters.JUnitReportReporter -->
<testsuite skipped="0" hostname="DESKTOP-GRMHS0S" name="com.webtest.demo.view.Back_Login" tests="1" failures="0" timestamp="2020-11-22T14:04:56 CST" time="9.795" errors="0">
  <testcase name="testLogin" time="9.795" classname="com.webtest.demo.view.Back_Login"/>
  <system-out/>
</testsuite> <!-- com.webtest.demo.view.Back_Login -->
