<?xml version="1.0" encoding="UTF-8"?>
<!-- Generated by org.testng.reporters.JUnitReportReporter -->
<testsuite skipped="0" hostname="DESKTOP-GRMHS0S" name="com.webtest.demo.view.Admin_Login" tests="1" failures="0" timestamp="2020-11-15T16:32:26 CST" time="15.700" errors="0">
  <testcase name="testLogin" time="15.700" classname="com.webtest.demo.view.Admin_Login"/>
  <system-out/>
</testsuite> <!-- com.webtest.demo.view.Admin_Login -->
