<?xml version="1.0" encoding="UTF-8"?>
<!-- Generated by org.testng.reporters.JUnitReportReporter -->
<testsuite skipped="0" hostname="DESKTOP-LSEEA95" name="com.webtest.demo.Admin_Login" tests="2" failures="0" timestamp="2020-11-16T16:03:35 CST" time="37.050" errors="0">
  <testcase name="testLogin" time="22.828" classname="com.webtest.demo.Admin_Login"/>
  <system-out/>
  <testcase name="testLogin" time="14.222" classname="com.webtest.demo.Admin_Login"/>
  <system-out/>
</testsuite> <!-- com.webtest.demo.Admin_Login -->
