<?xml version="1.0" encoding="UTF-8"?>
<!-- Generated by org.testng.reporters.JUnitReportReporter -->
<testsuite skipped="0" hostname="DESKTOP-LSEEA95" name="com.webtest.demo.testGetTxtUser" tests="1" failures="0" timestamp="2020-11-15T10:32:51 CST" time="0.006" errors="0">
  <testcase name="test" time="0.006" classname="com.webtest.demo.testGetTxtUser"/>
  <system-out/>
</testsuite> <!-- com.webtest.demo.testGetTxtUser -->
