<?xml version="1.0" encoding="UTF-8"?>
<!-- Generated by org.testng.reporters.JUnitReportReporter -->
<testsuite skipped="0" hostname="DESKTOP-GRMHS0S" name="com.smoketest.testcases.controller.IdentityManagementTest" tests="11" failures="0" timestamp="2020-12-06T10:34:06 CST" time="212.187" errors="0">
  <testcase name="test_correct_display" time="9.368" classname="com.smoketest.testcases.controller.IdentityManagementTest"/>
  <system-out/>
  <testcase name="test_addIdentity" time="25.333" classname="com.smoketest.testcases.controller.IdentityManagementTest"/>
  <system-out/>
  <testcase name="test_startUsing" time="39.272" classname="com.smoketest.testcases.controller.IdentityManagementTest"/>
  <system-out/>
  <testcase name="test_disable" time="50.450" classname="com.smoketest.testcases.controller.IdentityManagementTest"/>
  <system-out/>
  <testcase name="test_correct_displaylist" time="9.774" classname="com.smoketest.testcases.controller.IdentityManagementTest"/>
  <system-out/>
  <testcase name="test_addGroup" time="20.536" classname="com.smoketest.testcases.controller.IdentityManagementTest"/>
  <system-out/>
  <testcase name="test_correct_displayIDlist" time="13.062" classname="com.smoketest.testcases.controller.IdentityManagementTest"/>
  <system-out/>
  <testcase name="test_migrateUsers" time="8.755" classname="com.smoketest.testcases.controller.IdentityManagementTest"/>
  <system-out/>
  <testcase name="test_restart" time="23.620" classname="com.smoketest.testcases.controller.IdentityManagementTest"/>
  <system-out/>
  <testcase name="test_disableUsing" time="7.279" classname="com.smoketest.testcases.controller.IdentityManagementTest"/>
  <system-out/>
  <testcase name="test_initUserId" time="4.738" classname="com.smoketest.testcases.controller.IdentityManagementTest"/>
  <system-out/>
</testsuite> <!-- com.smoketest.testcases.controller.IdentityManagementTest -->
