<?xml version="1.0" encoding="UTF-8"?>
<!-- Generated by org.testng.reporters.JUnitReportReporter -->
<testsuite skipped="0" hostname="DESKTOP-GRMHS0S" name="com.smoketest.testcases.controller.UserBlockTest" tests="8" failures="0" timestamp="2020-12-06T10:05:34 CST" time="151.485" errors="0">
  <testcase name="test_checkUser" time="4.542" classname="com.smoketest.testcases.controller.UserBlockTest"/>
  <system-out/>
  <testcase name="test_grant" time="26.556" classname="com.smoketest.testcases.controller.UserBlockTest"/>
  <system-out/>
  <testcase name="test_resetPassword" time="18.102" classname="com.smoketest.testcases.controller.UserBlockTest"/>
  <system-out/>
  <testcase name="test_disable" time="28.537" classname="com.smoketest.testcases.controller.UserBlockTest"/>
  <system-out/>
  <testcase name="test_startUsing" time="17.587" classname="com.smoketest.testcases.controller.UserBlockTest"/>
  <system-out/>
  <testcase name="test_selectGroup" time="26.513" classname="com.smoketest.testcases.controller.UserBlockTest"/>
  <system-out/>
  <testcase name="test_ModifyEmailSuffix" time="16.094" classname="com.smoketest.testcases.controller.UserBlockTest"/>
  <system-out/>
  <testcase name="test_searchInfo" time="13.554" classname="com.smoketest.testcases.controller.UserBlockTest"/>
  <system-out/>
</testsuite> <!-- com.smoketest.testcases.controller.UserBlockTest -->
