<?xml version="1.0" encoding="UTF-8"?>
<!-- Generated by org.testng.reporters.JUnitReportReporter -->
<testsuite skipped="0" hostname="DESKTOP-GRMHS0S" name="com.smoketest.testcases.controller.CertifiManagementTest" tests="7" failures="0" timestamp="2020-12-06T10:05:34 CST" time="119.289" errors="0">
  <testcase name="test_correct_display" time="10.432" classname="com.smoketest.testcases.controller.CertifiManagementTest"/>
  <system-out/>
  <testcase name="test_setAuthCondition" time="19.366" classname="com.smoketest.testcases.controller.CertifiManagementTest"/>
  <system-out/>
  <testcase name="test_setAuthField" time="32.086" classname="com.smoketest.testcases.controller.CertifiManagementTest"/>
  <system-out/>
  <testcase name="test_edit" time="30.343" classname="com.smoketest.testcases.controller.CertifiManagementTest"/>
  <system-out/>
  <testcase name="test_correct_displayUserInfo" time="10.264" classname="com.smoketest.testcases.controller.CertifiManagementTest"/>
  <system-out/>
  <testcase name="test_approveSuccess" time="10.561" classname="com.smoketest.testcases.controller.CertifiManagementTest"/>
  <system-out/>
  <testcase name="test_approveFailed" time="6.237" classname="com.smoketest.testcases.controller.CertifiManagementTest"/>
  <system-out/>
</testsuite> <!-- com.smoketest.testcases.controller.CertifiManagementTest -->
