<?xml version="1.0" encoding="UTF-8"?>
<!-- Generated by org.testng.reporters.JUnitReportReporter -->
<testsuite skipped="0" hostname="DESKTOP-981PDTB" name="com.webtest.demo.Admin_Login" tests="2" failures="0" timestamp="2020-11-10T16:06:36 CST" time="18.765" errors="0">
  <testcase name="testLogin1" time="13.075" classname="com.webtest.demo.Admin_Login"/>
  <system-out/>
  <testcase name="testLogin2" time="5.690" classname="com.webtest.demo.Admin_Login"/>
  <system-out/>
</testsuite> <!-- com.webtest.demo.Admin_Login -->
