<?xml version="1.0" encoding="UTF-8"?>
<!-- Generated by org.testng.reporters.JUnitReportReporter -->
<testsuite skipped="0" hostname="DESKTOP-981PDTB" name="com.webtest.demo.Roqisoft" tests="2" failures="0" timestamp="2020-06-09T11:14:36 CST" time="35.777" errors="0">
  <testcase name="testLogin1" time="24.343" classname="com.webtest.demo.Roqisoft"/>
  <system-out/>
  <testcase name="testLogin2" time="11.434" classname="com.webtest.demo.Roqisoft"/>
  <system-out/>
</testsuite> <!-- com.webtest.demo.Roqisoft -->
