<?xml version="1.0" encoding="UTF-8"?>
<!-- Generated by org.testng.reporters.JUnitReportReporter -->
<testsuite skipped="0" hostname="DESKTOP-981PDTB" name="com.webtest.demo.RoqisoftTest" tests="4" failures="0" timestamp="2020-06-10T18:12:14 CST" time="166.610" errors="0">
  <testcase name="test1" time="22.021" classname="com.webtest.demo.RoqisoftTest"/>
  <system-out/>
  <testcase name="test4" time="17.630" classname="com.webtest.demo.RoqisoftTest"/>
  <system-out/>
  <testcase name="test3" time="32.670" classname="com.webtest.demo.RoqisoftTest"/>
  <system-out/>
  <testcase name="test2" time="94.289" classname="com.webtest.demo.RoqisoftTest"/>
  <system-out/>
</testsuite> <!-- com.webtest.demo.RoqisoftTest -->
