<?xml version="1.0" encoding="UTF-8"?>
<!-- Generated by org.testng.reporters.JUnitReportReporter -->
<testsuite skipped="0" hostname="DESKTOP-LSEEA95" name="com.webtest.demo.Admin_View" tests="8" failures="0" timestamp="2020-12-02T17:48:51 CST" time="198.418" errors="0">
  <testcase name="testLogin" time="21.690" classname="com.webtest.demo.Admin_View"/>
  <system-out/>
  <testcase name="testViewData" time="31.206" classname="com.webtest.demo.Admin_View"/>
  <system-out/>
  <testcase name="testViewTitle" time="25.162" classname="com.webtest.demo.Admin_View"/>
  <system-out/>
  <testcase name="testViewIntegral" time="35.660" classname="com.webtest.demo.Admin_View"/>
  <system-out/>
  <testcase name="testViewTopic" time="2.010" classname="com.webtest.demo.Admin_View"/>
  <system-out/>
  <testcase name="testViewLeaderboard" time="21.013" classname="com.webtest.demo.Admin_View"/>
  <system-out/>
  <testcase name="testViewNotice" time="38.680" classname="com.webtest.demo.Admin_View"/>
  <system-out/>
  <testcase name="testViewFavorites" time="22.997" classname="com.webtest.demo.Admin_View"/>
  <system-out/>
</testsuite> <!-- com.webtest.demo.Admin_View -->
