<?xml version="1.0" encoding="UTF-8"?>
<!-- Generated by org.testng.reporters.JUnitReportReporter -->
<testsuite skipped="0" hostname="DESKTOP-LSEEA95" name="com.webtest.demo.Admin_Login" tests="2" failures="0" timestamp="2020-12-02T17:48:51 CST" time="37.385" errors="0">
  <testcase name="testLogin" time="21.715" classname="com.webtest.demo.Admin_Login"/>
  <system-out/>
  <testcase name="testOut" time="15.670" classname="com.webtest.demo.Admin_Login"/>
  <system-out/>
</testsuite> <!-- com.webtest.demo.Admin_Login -->
