<?xml version="1.0" encoding="UTF-8"?>
<!-- Generated by org.testng.reporters.JUnitReportReporter -->
<testsuite skipped="0" hostname="DESKTOP-GRMHS0S" name="com.webtest.smoketest.testcases.dxy.CertifiManagementTest" tests="7" failures="0" timestamp="2020-12-10T09:12:50 CST" time="118.919" errors="0">
  <testcase name="test_correct_display" time="10.317" classname="com.webtest.smoketest.testcases.dxy.CertifiManagementTest"/>
  <system-out/>
  <testcase name="test_setAuthCondition" time="19.289" classname="com.webtest.smoketest.testcases.dxy.CertifiManagementTest"/>
  <system-out/>
  <testcase name="test_setAuthField" time="32.103" classname="com.webtest.smoketest.testcases.dxy.CertifiManagementTest"/>
  <system-out/>
  <testcase name="test_edit" time="30.109" classname="com.webtest.smoketest.testcases.dxy.CertifiManagementTest"/>
  <system-out/>
  <testcase name="test_correct_displayUserInfo" time="10.283" classname="com.webtest.smoketest.testcases.dxy.CertifiManagementTest"/>
  <system-out/>
  <testcase name="test_approveSuccess" time="10.581" classname="com.webtest.smoketest.testcases.dxy.CertifiManagementTest"/>
  <system-out/>
  <testcase name="test_approveFailed" time="6.237" classname="com.webtest.smoketest.testcases.dxy.CertifiManagementTest"/>
  <system-out/>
</testsuite> <!-- com.webtest.smoketest.testcases.dxy.CertifiManagementTest -->
