<?xml version="1.0" encoding="UTF-8"?>
<!-- Generated by org.testng.reporters.JUnitReportReporter -->
<testsuite skipped="0" hostname="DESKTOP-GRMHS0S" name="com.webtest.smoketest.testcases.dxy.LabelsandInfoTest" tests="6" failures="0" timestamp="2020-12-11T21:37:11 CST" time="68.308" errors="0">
  <testcase name="test_showGroupLabel" time="14.835" classname="com.webtest.smoketest.testcases.dxy.LabelsandInfoTest"/>
  <system-out/>
  <testcase name="test_addGroupLabel" time="20.467" classname="com.webtest.smoketest.testcases.dxy.LabelsandInfoTest"/>
  <system-out/>
  <testcase name="test_showLabelInfo" time="5.754" classname="com.webtest.smoketest.testcases.dxy.LabelsandInfoTest"/>
  <system-out/>
  <testcase name="test_searchInfo" time="10.146" classname="com.webtest.smoketest.testcases.dxy.LabelsandInfoTest"/>
  <system-out/>
  <testcase name="test_showGroupInfo" time="6.602" classname="com.webtest.smoketest.testcases.dxy.LabelsandInfoTest"/>
  <system-out/>
  <testcase name="test_addGroupInfo" time="10.504" classname="com.webtest.smoketest.testcases.dxy.LabelsandInfoTest"/>
  <system-out/>
</testsuite> <!-- com.webtest.smoketest.testcases.dxy.LabelsandInfoTest -->
