<?xml version="1.0" encoding="UTF-8"?>
<!-- Generated by org.testng.reporters.JUnitReportReporter -->
<testsuite skipped="0" hostname="DESKTOP-GRMHS0S" name="com.webtest.smoketest.testcases.dxy.IdentityManagementTest" tests="11" failures="0" timestamp="2020-12-11T19:59:54 CST" time="204.256" errors="0">
  <testcase name="test_correct_display" time="9.371" classname="com.webtest.smoketest.testcases.dxy.IdentityManagementTest"/>
  <system-out/>
  <testcase name="test_addIdentity" time="25.221" classname="com.webtest.smoketest.testcases.dxy.IdentityManagementTest"/>
  <system-out/>
  <testcase name="test_startUsing" time="39.338" classname="com.webtest.smoketest.testcases.dxy.IdentityManagementTest"/>
  <system-out/>
  <testcase name="test_disable" time="50.471" classname="com.webtest.smoketest.testcases.dxy.IdentityManagementTest"/>
  <system-out/>
  <testcase name="test_correct_displaylist" time="9.807" classname="com.webtest.smoketest.testcases.dxy.IdentityManagementTest"/>
  <system-out/>
  <testcase name="test_addGroup" time="20.493" classname="com.webtest.smoketest.testcases.dxy.IdentityManagementTest"/>
  <system-out/>
  <testcase name="test_correct_displayIDlist" time="5.273" classname="com.webtest.smoketest.testcases.dxy.IdentityManagementTest"/>
  <system-out/>
  <testcase name="test_migrateUsers" time="8.756" classname="com.webtest.smoketest.testcases.dxy.IdentityManagementTest"/>
  <system-out/>
  <testcase name="test_restart" time="23.477" classname="com.webtest.smoketest.testcases.dxy.IdentityManagementTest"/>
  <system-out/>
  <testcase name="test_disableUsing" time="7.301" classname="com.webtest.smoketest.testcases.dxy.IdentityManagementTest"/>
  <system-out/>
  <testcase name="test_initUserId" time="4.748" classname="com.webtest.smoketest.testcases.dxy.IdentityManagementTest"/>
  <system-out/>
</testsuite> <!-- com.webtest.smoketest.testcases.dxy.IdentityManagementTest -->
