<?xml version="1.0" encoding="UTF-8"?>
<!-- Generated by org.testng.reporters.JUnitReportReporter -->
<testsuite skipped="0" hostname="DESKTOP-GRMHS0S" name="com.webtest.smoketest.testcases.dxy.UserBlockTest" tests="8" failures="0" timestamp="2020-12-11T21:46:42 CST" time="151.046" errors="0">
  <testcase name="test_checkUser" time="4.392" classname="com.webtest.smoketest.testcases.dxy.UserBlockTest"/>
  <system-out/>
  <testcase name="test_grant" time="26.481" classname="com.webtest.smoketest.testcases.dxy.UserBlockTest"/>
  <system-out/>
  <testcase name="test_resetPassword" time="18.085" classname="com.webtest.smoketest.testcases.dxy.UserBlockTest"/>
  <system-out/>
  <testcase name="test_disable" time="28.535" classname="com.webtest.smoketest.testcases.dxy.UserBlockTest"/>
  <system-out/>
  <testcase name="test_startUsing" time="17.588" classname="com.webtest.smoketest.testcases.dxy.UserBlockTest"/>
  <system-out/>
  <testcase name="test_selectGroup" time="26.544" classname="com.webtest.smoketest.testcases.dxy.UserBlockTest"/>
  <system-out/>
  <testcase name="test_ModifyEmailSuffix" time="16.087" classname="com.webtest.smoketest.testcases.dxy.UserBlockTest"/>
  <system-out/>
  <testcase name="test_searchInfo" time="13.334" classname="com.webtest.smoketest.testcases.dxy.UserBlockTest"/>
  <system-out/>
</testsuite> <!-- com.webtest.smoketest.testcases.dxy.UserBlockTest -->
