<?xml version="1.0" encoding="UTF-8"?>
<!-- Generated by org.testng.reporters.JUnitReportReporter -->
<testsuite skipped="0" hostname="DESKTOP-GRMHS0S" name="com.webtest.smoketest.testcases.dxy.CertifiManagementTest" tests="7" failures="0" timestamp="2020-12-12T17:40:25 CST" time="119.985" errors="0">
  <testcase name="test_correct_display" time="10.330" classname="com.webtest.smoketest.testcases.dxy.CertifiManagementTest"/>
  <system-out/>
  <testcase name="test_setAuthCondition" time="19.386" classname="com.webtest.smoketest.testcases.dxy.CertifiManagementTest"/>
  <system-out/>
  <testcase name="test_setAuthField" time="32.111" classname="com.webtest.smoketest.testcases.dxy.CertifiManagementTest"/>
  <system-out/>
  <testcase name="test_edit" time="31.057" classname="com.webtest.smoketest.testcases.dxy.CertifiManagementTest"/>
  <system-out/>
  <testcase name="test_correct_displayUserInfo" time="10.286" classname="com.webtest.smoketest.testcases.dxy.CertifiManagementTest"/>
  <system-out/>
  <testcase name="test_approveSuccess" time="10.577" classname="com.webtest.smoketest.testcases.dxy.CertifiManagementTest"/>
  <system-out/>
  <testcase name="test_approveFailed" time="6.238" classname="com.webtest.smoketest.testcases.dxy.CertifiManagementTest"/>
  <system-out/>
</testsuite> <!-- com.webtest.smoketest.testcases.dxy.CertifiManagementTest -->
