<?xml version="1.0" encoding="UTF-8"?>
<!-- Generated by org.testng.reporters.JUnitReportReporter -->
<testsuite skipped="0" hostname="DESKTOP-K59KI9T" name="com.webtest.demo.inpimg" tests="2" failures="0" timestamp="2020-06-12T15:11:15 CST" time="70.694" errors="0">
  <testcase name="testLogin" time="26.607" classname="com.webtest.demo.inpimg"/>
  <system-out/>
  <testcase name="inpimg" time="44.087" classname="com.webtest.demo.inpimg"/>
  <system-out/>
</testsuite> <!-- com.webtest.demo.inpimg -->
