<?xml version="1.0" encoding="UTF-8"?>
<!-- Generated by org.testng.reporters.JUnitReportReporter -->
<testsuite skipped="0" hostname="DESKTOP-8FKP7VU" name="com.webtest.demo.TestDemo" tests="1" failures="0" timestamp="2020-11-15T10:14:09 CST" time="0.409" errors="0">
  <testcase name="test1" time="0.409" classname="com.webtest.demo.TestDemo"/>
  <system-out/>
</testsuite> <!-- com.webtest.demo.TestDemo -->
