<?xml version="1.0" encoding="UTF-8"?>
<!-- Generated by org.testng.reporters.JUnitReportReporter -->
<testsuite skipped="0" hostname="LAPTOP-UOTE3Q5R" name="com.webtest.wgh.TopicDemo" tests="4" failures="0" timestamp="2020-12-10T22:34:34 CST" time="44.102" errors="0">
  <testcase name="testLogin" time="11.902" classname="com.webtest.wgh.TopicDemo"/>
  <system-out/>
  <testcase name="test41" time="13.126" classname="com.webtest.wgh.TopicDemo"/>
  <system-out/>
  <testcase name="test42" time="9.550" classname="com.webtest.wgh.TopicDemo"/>
  <system-out/>
  <testcase name="test43" time="9.524" classname="com.webtest.wgh.TopicDemo"/>
  <system-out/>
</testsuite> <!-- com.webtest.wgh.TopicDemo -->
