<?xml version="1.0" encoding="UTF-8"?>
<!-- Generated by org.testng.reporters.JUnitReportReporter -->
<testsuite skipped="0" hostname="LAPTOP-UOTE3Q5R" name="com.webtest.myx.sensitiveword" tests="6" failures="0" timestamp="2020-12-10T22:34:34 CST" time="57.621" errors="0">
  <testcase name="testLogin" time="11.016" classname="com.webtest.myx.sensitiveword"/>
  <system-out/>
  <testcase name="test9" time="10.967" classname="com.webtest.myx.sensitiveword"/>
  <system-out/>
  <testcase name="test10" time="10.505" classname="com.webtest.myx.sensitiveword"/>
  <system-out/>
  <testcase name="test11" time="7.281" classname="com.webtest.myx.sensitiveword"/>
  <system-out/>
  <testcase name="test12" time="7.281" classname="com.webtest.myx.sensitiveword"/>
  <system-out/>
  <testcase name="test13" time="10.571" classname="com.webtest.myx.sensitiveword"/>
  <system-out/>
</testsuite> <!-- com.webtest.myx.sensitiveword -->
