<?xml version="1.0" encoding="UTF-8"?>
<!-- Generated by org.testng.reporters.JUnitReportReporter -->
<testsuite skipped="0" hostname="LAPTOP-UOTE3Q5R" name="com.webtest.wgh.LoginDemo" tests="1" failures="0" timestamp="2020-12-10T22:34:34 CST" time="10.992" errors="0">
  <testcase name="testLogin" time="10.992" classname="com.webtest.wgh.LoginDemo"/>
  <system-out/>
</testsuite> <!-- com.webtest.wgh.LoginDemo -->
