<?xml version="1.0" encoding="UTF-8"?>
<!-- Generated by org.testng.reporters.JUnitReportReporter -->
<testsuite skipped="0" hostname="LAPTOP-UOTE3Q5R" name="com.webtest.wgh.RetentionDemo" tests="4" failures="0" timestamp="2020-12-10T22:34:34 CST" time="30.576" errors="0">
  <testcase name="testLogin" time="11.008" classname="com.webtest.wgh.RetentionDemo"/>
  <system-out/>
  <testcase name="test19" time="3.457" classname="com.webtest.wgh.RetentionDemo"/>
  <system-out/>
  <testcase name="test20" time="3.218" classname="com.webtest.wgh.RetentionDemo"/>
  <system-out/>
  <testcase name="test21" time="12.893" classname="com.webtest.wgh.RetentionDemo"/>
  <system-out/>
</testsuite> <!-- com.webtest.wgh.RetentionDemo -->
