<?xml version="1.0" encoding="UTF-8"?>
<!-- Generated by org.testng.reporters.JUnitReportReporter -->
<testsuite skipped="0" hostname="LAPTOP-UOTE3Q5R" name="com.webtest.why.conversation_model" tests="8" failures="0" timestamp="2020-12-10T22:34:34 CST" time="59.061" errors="0">
  <testcase name="testLogin" time="10.989" classname="com.webtest.why.conversation_model"/>
  <system-out/>
  <testcase name="why9test" time="8.673" classname="com.webtest.why.conversation_model"/>
  <system-out/>
  <testcase name="why10test" time="5.275" classname="com.webtest.why.conversation_model"/>
  <system-out/>
  <testcase name="why11test" time="7.471" classname="com.webtest.why.conversation_model"/>
  <system-out/>
  <testcase name="why12test" time="7.432" classname="com.webtest.why.conversation_model"/>
  <system-out/>
  <testcase name="why13test" time="7.425" classname="com.webtest.why.conversation_model"/>
  <system-out/>
  <testcase name="why14test" time="7.440" classname="com.webtest.why.conversation_model"/>
  <system-out/>
  <testcase name="why15test" time="4.356" classname="com.webtest.why.conversation_model"/>
  <system-out/>
</testsuite> <!-- com.webtest.why.conversation_model -->
