<?xml version="1.0" encoding="UTF-8"?>
<!-- Generated by org.testng.reporters.JUnitReportReporter -->
<testsuite skipped="0" hostname="LAPTOP-UOTE3Q5R" name="com.webtest.lxc.Admin_Search" tests="5" failures="0" timestamp="2020-12-10T22:34:34 CST" time="46.165" errors="0">
  <testcase name="testLogin" time="15.111" classname="com.webtest.lxc.Admin_Search"/>
  <system-out/>
  <testcase name="testSearch" time="9.016" classname="com.webtest.lxc.Admin_Search"/>
  <system-out/>
  <testcase name="testSearchback" time="12.018" classname="com.webtest.lxc.Admin_Search"/>
  <system-out/>
  <testcase name="testNotice" time="6.012" classname="com.webtest.lxc.Admin_Search"/>
  <system-out/>
  <testcase name="testNoticeEnter" time="4.008" classname="com.webtest.lxc.Admin_Search"/>
  <system-out/>
</testsuite> <!-- com.webtest.lxc.Admin_Search -->
