<?xml version="1.0" encoding="UTF-8"?>
<!-- Generated by org.testng.reporters.JUnitReportReporter -->
<testsuite skipped="0" hostname="LAPTOP-UOTE3Q5R" name="com.webtest.lxc.Admin_Changepassword" tests="2" failures="0" timestamp="2020-12-10T22:34:34 CST" time="28.196" errors="0">
  <testcase name="testLogin" time="14.161" classname="com.webtest.lxc.Admin_Changepassword"/>
  <system-out/>
  <testcase name="testChangePassword" time="14.035" classname="com.webtest.lxc.Admin_Changepassword"/>
  <system-out/>
</testsuite> <!-- com.webtest.lxc.Admin_Changepassword -->
