<?xml version="1.0" encoding="UTF-8"?>
<!-- Generated by org.testng.reporters.JUnitReportReporter -->
<testsuite skipped="0" hostname="LAPTOP-UOTE3Q5R" name="com.webtest.wgh.WebsitestatisticsDemo" tests="4" failures="0" timestamp="2020-12-10T22:34:34 CST" time="24.182" errors="0">
  <testcase name="testLogin" time="10.999" classname="com.webtest.wgh.WebsitestatisticsDemo"/>
  <system-out/>
  <testcase name="test12" time="3.474" classname="com.webtest.wgh.WebsitestatisticsDemo"/>
  <system-out/>
  <testcase name="test13" time="6.489" classname="com.webtest.wgh.WebsitestatisticsDemo"/>
  <system-out/>
  <testcase name="test14" time="3.220" classname="com.webtest.wgh.WebsitestatisticsDemo"/>
  <system-out/>
</testsuite> <!-- com.webtest.wgh.WebsitestatisticsDemo -->
