<?xml version="1.0" encoding="UTF-8"?>
<!-- Generated by org.testng.reporters.JUnitReportReporter -->
<testsuite skipped="0" hostname="LAPTOP-UOTE3Q5R" name="com.webtest.myx.pointRule" tests="5" failures="0" timestamp="2020-12-10T22:34:34 CST" time="73.571" errors="0">
  <testcase name="testLogin" time="11.074" classname="com.webtest.myx.pointRule"/>
  <system-out/>
  <testcase name="test49" time="21.849" classname="com.webtest.myx.pointRule"/>
  <system-out/>
  <testcase name="test51" time="13.560" classname="com.webtest.myx.pointRule"/>
  <system-out/>
  <testcase name="test50" time="13.563" classname="com.webtest.myx.pointRule"/>
  <system-out/>
  <testcase name="test52" time="13.525" classname="com.webtest.myx.pointRule"/>
  <system-out/>
</testsuite> <!-- com.webtest.myx.pointRule -->
