<?xml version="1.0" encoding="UTF-8"?>
<!-- Generated by org.testng.reporters.JUnitReportReporter -->
<testsuite skipped="0" hostname="LAPTOP-UOTE3Q5R" name="com.webtest.wgh.MembersDemo" tests="5" failures="0" timestamp="2020-12-10T22:34:34 CST" time="46.394" errors="0">
  <testcase name="testLogin" time="11.033" classname="com.webtest.wgh.MembersDemo"/>
  <system-out/>
  <testcase name="test27" time="9.968" classname="com.webtest.wgh.MembersDemo"/>
  <system-out/>
  <testcase name="test28" time="6.220" classname="com.webtest.wgh.MembersDemo"/>
  <system-out/>
  <testcase name="test29" time="9.750" classname="com.webtest.wgh.MembersDemo"/>
  <system-out/>
  <testcase name="test30" time="9.423" classname="com.webtest.wgh.MembersDemo"/>
  <system-out/>
</testsuite> <!-- com.webtest.wgh.MembersDemo -->
