<?xml version="1.0" encoding="UTF-8"?>
<!-- Generated by org.testng.reporters.JUnitReportReporter -->
<testsuite skipped="0" hostname="LAPTOP-UOTE3Q5R" name="com.webtest.wgh.IntoFrontDemo" tests="2" failures="0" timestamp="2020-12-10T22:34:34 CST" time="14.262" errors="0">
  <testcase name="testLogin" time="11.036" classname="com.webtest.wgh.IntoFrontDemo"/>
  <system-out/>
  <testcase name="test23" time="3.226" classname="com.webtest.wgh.IntoFrontDemo"/>
  <system-out/>
</testsuite> <!-- com.webtest.wgh.IntoFrontDemo -->
