<?xml version="1.0" encoding="UTF-8"?>
<!-- Generated by org.testng.reporters.JUnitReportReporter -->
<testsuite skipped="0" hostname="LAPTOP-UOTE3Q5R" name="com.webtest.lxc.Admin_DomainName" tests="3" failures="0" timestamp="2020-12-10T22:34:34 CST" time="35.273" errors="0">
  <testcase name="testLogin" time="14.147" classname="com.webtest.lxc.Admin_DomainName"/>
  <system-out/>
  <testcase name="testSeturl" time="10.032" classname="com.webtest.lxc.Admin_DomainName"/>
  <system-out/>
  <testcase name="testOprenurl" time="11.094" classname="com.webtest.lxc.Admin_DomainName"/>
  <system-out/>
</testsuite> <!-- com.webtest.lxc.Admin_DomainName -->
