<?xml version="1.0" encoding="UTF-8"?>
<!-- Generated by org.testng.reporters.JUnitReportReporter -->
<testsuite skipped="0" hostname="LAPTOP-UOTE3Q5R" name="com.webtest.why.edit_model" tests="11" failures="0" timestamp="2020-12-10T22:34:34 CST" time="157.446" errors="0">
  <testcase name="testLogin" time="11.002" classname="com.webtest.why.edit_model"/>
  <system-out/>
  <testcase name="why20test" time="20.490" classname="com.webtest.why.edit_model"/>
  <system-out/>
  <testcase name="why21test" time="15.790" classname="com.webtest.why.edit_model"/>
  <system-out/>
  <testcase name="why22test" time="15.774" classname="com.webtest.why.edit_model"/>
  <system-out/>
  <testcase name="why23test" time="16.289" classname="com.webtest.why.edit_model"/>
  <system-out/>
  <testcase name="why24test" time="28.222" classname="com.webtest.why.edit_model"/>
  <system-out/>
  <testcase name="why25test" time="9.491" classname="com.webtest.why.edit_model"/>
  <system-out/>
  <testcase name="why26test" time="15.960" classname="com.webtest.why.edit_model"/>
  <system-out/>
  <testcase name="why27test" time="7.496" classname="com.webtest.why.edit_model"/>
  <system-out/>
  <testcase name="why28test" time="6.243" classname="com.webtest.why.edit_model"/>
  <system-out/>
  <testcase name="why30test" time="10.689" classname="com.webtest.why.edit_model"/>
  <system-out/>
</testsuite> <!-- com.webtest.why.edit_model -->
