<?xml version="1.0" encoding="UTF-8"?>
<!-- Generated by org.testng.reporters.JUnitReportReporter -->
<testsuite skipped="0" hostname="LAPTOP-UOTE3Q5R" name="com.webtest.wgh.DynamicrecoveryDemo" tests="3" failures="0" timestamp="2020-12-10T22:34:34 CST" time="28.664" errors="0">
  <testcase name="testLogin" time="10.978" classname="com.webtest.wgh.DynamicrecoveryDemo"/>
  <system-out/>
  <testcase name="test47" time="9.622" classname="com.webtest.wgh.DynamicrecoveryDemo"/>
  <system-out/>
  <testcase name="test48" time="8.064" classname="com.webtest.wgh.DynamicrecoveryDemo"/>
  <system-out/>
</testsuite> <!-- com.webtest.wgh.DynamicrecoveryDemo -->
