<?xml version="1.0" encoding="UTF-8"?>
<!-- Generated by org.testng.reporters.JUnitReportReporter -->
<testsuite skipped="0" hostname="LAPTOP-UOTE3Q5R" name="com.webtest.why.user_navigation" tests="3" failures="0" timestamp="2020-12-10T22:34:34 CST" time="23.820" errors="0">
  <testcase name="testLogin" time="11.022" classname="com.webtest.why.user_navigation"/>
  <system-out/>
  <testcase name="why52test" time="10.766" classname="com.webtest.why.user_navigation"/>
  <system-out/>
  <testcase name="why53test" time="2.032" classname="com.webtest.why.user_navigation"/>
  <system-out/>
</testsuite> <!-- com.webtest.why.user_navigation -->
