<?xml version="1.0" encoding="UTF-8"?>
<!-- Generated by org.testng.reporters.JUnitReportReporter -->
<testsuite skipped="0" hostname="LAPTOP-UOTE3Q5R" name="com.webtest.why.news_model" tests="2" failures="0" timestamp="2020-12-10T22:34:34 CST" time="34.618" errors="0">
  <testcase name="testLogin" time="11.020" classname="com.webtest.why.news_model"/>
  <system-out/>
  <testcase name="why18test" time="23.598" classname="com.webtest.why.news_model"/>
  <system-out/>
</testsuite> <!-- com.webtest.why.news_model -->
