<?xml version="1.0" encoding="UTF-8"?>
<!-- Generated by org.testng.reporters.JUnitReportReporter -->
<testsuite skipped="0" hostname="LAPTOP-UOTE3Q5R" name="com.webtest.wgh.WeibodynamicDemo" tests="8" failures="0" timestamp="2020-12-10T22:34:34 CST" time="79.991" errors="0">
  <testcase name="testLogin" time="10.998" classname="com.webtest.wgh.WeibodynamicDemo"/>
  <system-out/>
  <testcase name="test34" time="9.641" classname="com.webtest.wgh.WeibodynamicDemo"/>
  <system-out/>
  <testcase name="test35" time="6.081" classname="com.webtest.wgh.WeibodynamicDemo"/>
  <system-out/>
  <testcase name="test36" time="6.068" classname="com.webtest.wgh.WeibodynamicDemo"/>
  <system-out/>
  <testcase name="test37" time="12.599" classname="com.webtest.wgh.WeibodynamicDemo"/>
  <system-out/>
  <testcase name="test38" time="12.582" classname="com.webtest.wgh.WeibodynamicDemo"/>
  <system-out/>
  <testcase name="test39" time="12.598" classname="com.webtest.wgh.WeibodynamicDemo"/>
  <system-out/>
  <testcase name="test40" time="9.424" classname="com.webtest.wgh.WeibodynamicDemo"/>
  <system-out/>
</testsuite> <!-- com.webtest.wgh.WeibodynamicDemo -->
