<?xml version="1.0" encoding="UTF-8"?>
<!-- Generated by org.testng.reporters.JUnitReportReporter -->
<testsuite skipped="0" hostname="LAPTOP-UOTE3Q5R" name="com.webtest.jxy.Dynamic_test" tests="8" failures="0" timestamp="2020-12-10T22:34:34 CST" time="48.378" errors="0">
  <testcase name="testLogin" time="5.168" classname="com.webtest.jxy.Dynamic_test"/>
  <system-out/>
  <testcase name="test_writing_dynamic" time="10.026" classname="com.webtest.jxy.Dynamic_test"/>
  <system-out/>
  <testcase name="test_photo_dynamic" time="6.037" classname="com.webtest.jxy.Dynamic_test"/>
  <system-out/>
  <testcase name="test_photo2_dynamic" time="6.036" classname="com.webtest.jxy.Dynamic_test"/>
  <system-out/>
  <testcase name="test_photo3_dynamic" time="6.030" classname="com.webtest.jxy.Dynamic_test"/>
  <system-out/>
  <testcase name="test_topic_dynamic" time="3.024" classname="com.webtest.jxy.Dynamic_test"/>
  <system-out/>
  <testcase name="test_expression_dynamic" time="3.036" classname="com.webtest.jxy.Dynamic_test"/>
  <system-out/>
  <testcase name="test_enter_dynamic" time="9.021" classname="com.webtest.jxy.Dynamic_test"/>
  <system-out/>
</testsuite> <!-- com.webtest.jxy.Dynamic_test -->
