<?xml version="1.0" encoding="UTF-8"?>
<!-- Generated by org.testng.reporters.JUnitReportReporter -->
<testsuite skipped="0" hostname="LAPTOP-UOTE3Q5R" name="com.webtest.wgh.ActiveUserDemo" tests="4" failures="0" timestamp="2020-12-10T22:34:34 CST" time="30.679" errors="0">
  <testcase name="testLogin" time="11.033" classname="com.webtest.wgh.ActiveUserDemo"/>
  <system-out/>
  <testcase name="test16" time="3.533" classname="com.webtest.wgh.ActiveUserDemo"/>
  <system-out/>
  <testcase name="test17" time="12.897" classname="com.webtest.wgh.ActiveUserDemo"/>
  <system-out/>
  <testcase name="test18" time="3.216" classname="com.webtest.wgh.ActiveUserDemo"/>
  <system-out/>
</testsuite> <!-- com.webtest.wgh.ActiveUserDemo -->
