<?xml version="1.0" encoding="UTF-8"?>
<!-- Generated by org.testng.reporters.JUnitReportReporter -->
<testsuite skipped="0" hostname="LAPTOP-UOTE3Q5R" name="com.webtest.wgh.AttritionRechargeDemo" tests="3" failures="0" timestamp="2020-12-10T22:34:34 CST" time="20.037" errors="0">
  <testcase name="testLogin" time="11.004" classname="com.webtest.wgh.AttritionRechargeDemo"/>
  <system-out/>
  <testcase name="test15" time="5.514" classname="com.webtest.wgh.AttritionRechargeDemo"/>
  <system-out/>
  <testcase name="test22" time="3.519" classname="com.webtest.wgh.AttritionRechargeDemo"/>
  <system-out/>
</testsuite> <!-- com.webtest.wgh.AttritionRechargeDemo -->
