<?xml version="1.0" encoding="UTF-8"?>
<!-- Generated by org.testng.reporters.JUnitReportReporter -->
<testsuite skipped="0" hostname="LAPTOP-UOTE3Q5R" name="com.webtest.why.database_backup" tests="6" failures="0" timestamp="2020-12-10T22:34:34 CST" time="49.558" errors="0">
  <testcase name="testLogin" time="11.113" classname="com.webtest.why.database_backup"/>
  <system-out/>
  <testcase name="why31test" time="13.858" classname="com.webtest.why.database_backup"/>
  <system-out/>
  <testcase name="why32test" time="7.771" classname="com.webtest.why.database_backup"/>
  <system-out/>
  <testcase name="why33test" time="7.793" classname="com.webtest.why.database_backup"/>
  <system-out/>
  <testcase name="why34test" time="4.507" classname="com.webtest.why.database_backup"/>
  <system-out/>
  <testcase name="why35test" time="4.516" classname="com.webtest.why.database_backup"/>
  <system-out/>
</testsuite> <!-- com.webtest.why.database_backup -->
