<?xml version="1.0" encoding="UTF-8"?>
<!-- Generated by org.testng.reporters.JUnitReportReporter -->
<testsuite skipped="0" hostname="LAPTOP-UOTE3Q5R" name="com.webtest.myx.SEOrelus" tests="5" failures="0" timestamp="2020-12-10T22:34:34 CST" time="55.670" errors="0">
  <testcase name="testLogin" time="12.031" classname="com.webtest.myx.SEOrelus"/>
  <system-out/>
  <testcase name="test89" time="14.071" classname="com.webtest.myx.SEOrelus"/>
  <system-out/>
  <testcase name="test90" time="11.516" classname="com.webtest.myx.SEOrelus"/>
  <system-out/>
  <testcase name="test92" time="10.522" classname="com.webtest.myx.SEOrelus"/>
  <system-out/>
  <testcase name="test91" time="7.530" classname="com.webtest.myx.SEOrelus"/>
  <system-out/>
</testsuite> <!-- com.webtest.myx.SEOrelus -->
