<?xml version="1.0" encoding="UTF-8"?>
<!-- Generated by org.testng.reporters.JUnitReportReporter -->
<testsuite skipped="0" hostname="LAPTOP-UOTE3Q5R" name="com.webtest.myx.adPosition" tests="6" failures="0" timestamp="2020-12-10T22:34:34 CST" time="98.175" errors="0">
  <testcase name="testLogin" time="12.025" classname="com.webtest.myx.adPosition"/>
  <system-out/>
  <testcase name="test16" time="30.542" classname="com.webtest.myx.adPosition"/>
  <system-out/>
  <testcase name="test32" time="27.141" classname="com.webtest.myx.adPosition"/>
  <system-out/>
  <testcase name="test33" time="7.358" classname="com.webtest.myx.adPosition"/>
  <system-out/>
  <testcase name="test34" time="10.555" classname="com.webtest.myx.adPosition"/>
  <system-out/>
  <testcase name="test35" time="10.554" classname="com.webtest.myx.adPosition"/>
  <system-out/>
</testsuite> <!-- com.webtest.myx.adPosition -->
