<?xml version="1.0" encoding="UTF-8"?>
<!-- Generated by org.testng.reporters.JUnitReportReporter -->
<testsuite skipped="0" hostname="LAPTOP-UOTE3Q5R" name="com.webtest.myx.sensitiveSetting" tests="3" failures="0" timestamp="2020-12-10T22:34:34 CST" time="32.243" errors="0">
  <testcase name="testLogin" time="11.008" classname="com.webtest.myx.sensitiveSetting"/>
  <system-out/>
  <testcase name="test14" time="10.761" classname="com.webtest.myx.sensitiveSetting"/>
  <system-out/>
  <testcase name="test15" time="10.474" classname="com.webtest.myx.sensitiveSetting"/>
  <system-out/>
</testsuite> <!-- com.webtest.myx.sensitiveSetting -->
