<?xml version="1.0" encoding="UTF-8"?>
<!-- Generated by org.testng.reporters.JUnitReportReporter -->
<testsuite skipped="0" hostname="LAPTOP-UOTE3Q5R" name="com.webtest.myx.limit" tests="5" failures="0" timestamp="2020-12-10T22:34:34 CST" time="66.362" errors="0">
  <testcase name="testLogin" time="11.997" classname="com.webtest.myx.limit"/>
  <system-out/>
  <testcase name="test67" time="32.546" classname="com.webtest.myx.limit"/>
  <system-out/>
  <testcase name="test69" time="7.276" classname="com.webtest.myx.limit"/>
  <system-out/>
  <testcase name="test68" time="7.262" classname="com.webtest.myx.limit"/>
  <system-out/>
  <testcase name="test70" time="7.281" classname="com.webtest.myx.limit"/>
  <system-out/>
</testsuite> <!-- com.webtest.myx.limit -->
