<?xml version="1.0" encoding="UTF-8"?>
<!-- Generated by org.testng.reporters.JUnitReportReporter -->
<testsuite skipped="0" hostname="LAPTOP-UOTE3Q5R" name="com.webtest.wgh.RightDemo" tests="3" failures="0" timestamp="2020-12-10T22:34:34 CST" time="20.803" errors="0">
  <testcase name="testLogin" time="11.016" classname="com.webtest.wgh.RightDemo"/>
  <system-out/>
  <testcase name="test24" time="3.230" classname="com.webtest.wgh.RightDemo"/>
  <system-out/>
  <testcase name="test25" time="6.557" classname="com.webtest.wgh.RightDemo"/>
  <system-out/>
</testsuite> <!-- com.webtest.wgh.RightDemo -->
