<?xml version="1.0" encoding="UTF-8"?>
<!-- Generated by org.testng.reporters.JUnitReportReporter -->
<testsuite skipped="0" hostname="LAPTOP-UOTE3Q5R" name="com.webtest.lxc.Admin_UserTag" tests="3" failures="0" timestamp="2020-12-10T22:34:34 CST" time="36.225" errors="0">
  <testcase name="testLogin" time="14.172" classname="com.webtest.lxc.Admin_UserTag"/>
  <system-out/>
  <testcase name="testSettag" time="10.028" classname="com.webtest.lxc.Admin_UserTag"/>
  <system-out/>
  <testcase name="testDelete20tag" time="12.025" classname="com.webtest.lxc.Admin_UserTag"/>
  <system-out/>
</testsuite> <!-- com.webtest.lxc.Admin_UserTag -->
