<?xml version="1.0" encoding="UTF-8"?>
<!-- Generated by org.testng.reporters.JUnitReportReporter -->
<testsuite skipped="0" hostname="LAPTOP-UOTE3Q5R" name="com.webtest.why.conversation_settings" tests="3" failures="0" timestamp="2020-12-10T22:34:34 CST" time="25.845" errors="0">
  <testcase name="testLogin" time="11.033" classname="com.webtest.why.conversation_settings"/>
  <system-out/>
  <testcase name="why16test" time="12.786" classname="com.webtest.why.conversation_settings"/>
  <system-out/>
  <testcase name="why17test" time="2.026" classname="com.webtest.why.conversation_settings"/>
  <system-out/>
</testsuite> <!-- com.webtest.why.conversation_settings -->
