<?xml version="1.0" encoding="UTF-8"?>
<!-- Generated by org.testng.reporters.JUnitReportReporter -->
<testsuite skipped="0" hostname="LAPTOP-UOTE3Q5R" name="com.webtest.why.conversation_list" tests="9" failures="0" timestamp="2020-12-10T22:34:34 CST" time="72.012" errors="0">
  <testcase name="testLogin" time="11.054" classname="com.webtest.why.conversation_list"/>
  <system-out/>
  <testcase name="why1test" time="8.723" classname="com.webtest.why.conversation_list"/>
  <system-out/>
  <testcase name="why2test" time="7.309" classname="com.webtest.why.conversation_list"/>
  <system-out/>
  <testcase name="why3test" time="7.470" classname="com.webtest.why.conversation_list"/>
  <system-out/>
  <testcase name="why4test" time="10.678" classname="com.webtest.why.conversation_list"/>
  <system-out/>
  <testcase name="why5test" time="7.463" classname="com.webtest.why.conversation_list"/>
  <system-out/>
  <testcase name="why6test" time="7.447" classname="com.webtest.why.conversation_list"/>
  <system-out/>
  <testcase name="why7test" time="7.493" classname="com.webtest.why.conversation_list"/>
  <system-out/>
  <testcase name="why8test" time="4.375" classname="com.webtest.why.conversation_list"/>
  <system-out/>
</testsuite> <!-- com.webtest.why.conversation_list -->
