<?xml version="1.0" encoding="UTF-8"?>
<!-- Generated by org.testng.reporters.JUnitReportReporter -->
<testsuite skipped="0" hostname="LAPTOP-UOTE3Q5R" name="com.webtest.why.beifenshujuku" tests="6" failures="0" timestamp="2020-12-09T11:41:13 CST" time="46.101" errors="0">
  <testcase name="testLogin" time="10.590" classname="com.webtest.why.beifenshujuku"/>
  <system-out/>
  <testcase name="why31test" time="10.812" classname="com.webtest.why.beifenshujuku"/>
  <system-out/>
  <testcase name="why32test" time="7.830" classname="com.webtest.why.beifenshujuku"/>
  <system-out/>
  <testcase name="why33test" time="7.758" classname="com.webtest.why.beifenshujuku"/>
  <system-out/>
  <testcase name="why34test" time="4.567" classname="com.webtest.why.beifenshujuku"/>
  <system-out/>
  <testcase name="why35test" time="4.544" classname="com.webtest.why.beifenshujuku"/>
  <system-out/>
</testsuite> <!-- com.webtest.why.beifenshujuku -->
