<?xml version="1.0" encoding="UTF-8"?>
<!-- Generated by org.testng.reporters.JUnitReportReporter -->
<testsuite skipped="0" hostname="LAPTOP-UOTE3Q5R" name="com.webtest.lxc.Admin_PersonalCover" tests="2" failures="0" timestamp="2020-12-10T22:34:34 CST" time="27.405" errors="0">
  <testcase name="testLogin" time="14.164" classname="com.webtest.lxc.Admin_PersonalCover"/>
  <system-out/>
  <testcase name="testPersonalCover" time="13.241" classname="com.webtest.lxc.Admin_PersonalCover"/>
  <system-out/>
</testsuite> <!-- com.webtest.lxc.Admin_PersonalCover -->
