<?xml version="1.0" encoding="UTF-8"?>
<!-- Generated by org.testng.reporters.JUnitReportReporter -->
<testsuite skipped="0" hostname="LAPTOP-UOTE3Q5R" name="com.webtest.lxc.Admin_ChangAvatar" tests="2" failures="0" timestamp="2020-12-10T22:34:34 CST" time="24.179" errors="0">
  <testcase name="testLogin" time="14.156" classname="com.webtest.lxc.Admin_ChangAvatar"/>
  <system-out/>
  <testcase name="testChangeAvatar" time="10.023" classname="com.webtest.lxc.Admin_ChangAvatar"/>
  <system-out/>
</testsuite> <!-- com.webtest.lxc.Admin_ChangAvatar -->
