<?xml version="1.0" encoding="UTF-8"?>
<!-- Generated by org.testng.reporters.JUnitReportReporter -->
<testsuite skipped="0" hostname="LAPTOP-UOTE3Q5R" name="com.webtest.lxc.Admin_Certification" tests="10" failures="0" timestamp="2020-12-10T22:34:34 CST" time="132.436" errors="0">
  <testcase name="testLogin" time="14.149" classname="com.webtest.lxc.Admin_Certification"/>
  <system-out/>
  <testcase name="testApplication" time="30.073" classname="com.webtest.lxc.Admin_Certification"/>
  <system-out/>
  <testcase name="testDelete" time="8.020" classname="com.webtest.lxc.Admin_Certification"/>
  <system-out/>
  <testcase name="testChange" time="12.026" classname="com.webtest.lxc.Admin_Certification"/>
  <system-out/>
  <testcase name="testBindPhNumO" time="12.029" classname="com.webtest.lxc.Admin_Certification"/>
  <system-out/>
  <testcase name="testApplicantO" time="10.025" classname="com.webtest.lxc.Admin_Certification"/>
  <system-out/>
  <testcase name="testConcernO" time="12.029" classname="com.webtest.lxc.Admin_Certification"/>
  <system-out/>
  <testcase name="testInviteO" time="12.031" classname="com.webtest.lxc.Admin_Certification"/>
  <system-out/>
  <testcase name="testFansO" time="12.030" classname="com.webtest.lxc.Admin_Certification"/>
  <system-out/>
  <testcase name="testApplicantE" time="10.024" classname="com.webtest.lxc.Admin_Certification"/>
  <system-out/>
</testsuite> <!-- com.webtest.lxc.Admin_Certification -->
