<?xml version="1.0" encoding="UTF-8"?>
<!-- Generated by org.testng.reporters.JUnitReportReporter -->
<testsuite skipped="1" hostname="DESKTOP-K59KI9T" name="com.webtest.dataprovider.NSDataProvider" tests="2" failures="0" timestamp="2020-11-16T08:20:49 CST" time="0.005" errors="0">
  <testcase name="demosdeot1" time="0.005" classname="com.webtest.dataprovider.NSDataProvider"/>
  <system-out/>
  <testcase name="getData" time="0.000" classname="com.webtest.dataprovider.NSDataProvider">
    <skipped/>
  </testcase> <!-- getData -->
  <system-out/>
</testsuite> <!-- com.webtest.dataprovider.NSDataProvider -->
