<?xml version="1.0" encoding="UTF-8"?>
<!-- Generated by org.testng.reporters.JUnitReportReporter -->
<testsuite skipped="0" hostname="DESKTOP-K59KI9T" name="com.webtest.demo.Admin_Login" tests="2" failures="0" timestamp="2020-11-30T08:29:42 CST" time="70.262" errors="0">
  <testcase name="testLogin" time="41.429" classname="com.webtest.demo.Admin_Login"/>
  <system-out/>
  <testcase name="testLogin" time="28.833" classname="com.webtest.demo.Admin_Login"/>
  <system-out/>
</testsuite> <!-- com.webtest.demo.Admin_Login -->
