<?xml version="1.0" encoding="UTF-8"?>
<!-- Generated by org.testng.reporters.JUnitReportReporter -->
<testsuite skipped="0" hostname="DESKTOP-K59KI9T" name="com.webtest.demo.invitemanage" tests="4" failures="0" timestamp="2020-12-02T10:49:01 CST" time="44.969" errors="0">
  <testcase name="testLogin" time="11.975" classname="com.webtest.demo.invitemanage"/>
  <system-out/>
  <testcase name="test75" time="14.025" classname="com.webtest.demo.invitemanage"/>
  <system-out/>
  <testcase name="test76" time="11.541" classname="com.webtest.demo.invitemanage"/>
  <system-out/>
  <testcase name="test80" time="7.428" classname="com.webtest.demo.invitemanage"/>
  <system-out/>
</testsuite> <!-- com.webtest.demo.invitemanage -->
