<?xml version="1.0" encoding="UTF-8"?>
<!-- Generated by org.testng.reporters.JUnitReportReporter -->
<testsuite skipped="0" hostname="DESKTOP-K59KI9T" name="com.webtest.demo.LoginDemo" tests="1" failures="0" timestamp="2020-11-30T09:14:16 CST" time="15.203" errors="0">
  <testcase name="testLogin" time="15.203" classname="com.webtest.demo.LoginDemo"/>
  <system-out/>
</testsuite> <!-- com.webtest.demo.LoginDemo -->
