<?xml version="1.0" encoding="UTF-8"?>
<!-- Generated by org.testng.reporters.JUnitReportReporter -->
<testsuite skipped="0" hostname="DESKTOP-K59KI9T" name="com.webtest.demo.pointLog" tests="3" failures="0" timestamp="2020-12-02T10:49:01 CST" time="29.923" errors="0">
  <testcase name="testLogin" time="12.059" classname="com.webtest.demo.pointLog"/>
  <system-out/>
  <testcase name="test43" time="10.569" classname="com.webtest.demo.pointLog"/>
  <system-out/>
  <testcase name="test42" time="7.295" classname="com.webtest.demo.pointLog"/>
  <system-out/>
</testsuite> <!-- com.webtest.demo.pointLog -->
