<?xml version="1.0" encoding="UTF-8"?>
<!-- Generated by org.testng.reporters.JUnitReportReporter -->
<testsuite skipped="0" hostname="DESKTOP-K59KI9T" name="com.webtest.demo.Public" tests="5" failures="0" timestamp="2020-12-02T10:49:01 CST" time="58.084" errors="0">
  <testcase name="testLogin" time="12.005" classname="com.webtest.demo.Public"/>
  <system-out/>
  <testcase name="test1" time="14.407" classname="com.webtest.demo.Public"/>
  <system-out/>
  <testcase name="test2" time="10.562" classname="com.webtest.demo.Public"/>
  <system-out/>
  <testcase name="test3" time="10.564" classname="com.webtest.demo.Public"/>
  <system-out/>
  <testcase name="test4" time="10.546" classname="com.webtest.demo.Public"/>
  <system-out/>
</testsuite> <!-- com.webtest.demo.Public -->
