<?xml version="1.0" encoding="UTF-8"?>
<!-- Generated by org.testng.reporters.JUnitReportReporter -->
<testsuite skipped="0" hostname="DESKTOP-K59KI9T" name="com.webtest.demo.SEOrelus" tests="5" failures="0" timestamp="2020-12-02T10:49:01 CST" time="55.795" errors="0">
  <testcase name="testLogin" time="12.196" classname="com.webtest.demo.SEOrelus"/>
  <system-out/>
  <testcase name="test89" time="13.993" classname="com.webtest.demo.SEOrelus"/>
  <system-out/>
  <testcase name="test90" time="11.545" classname="com.webtest.demo.SEOrelus"/>
  <system-out/>
  <testcase name="test92" time="10.531" classname="com.webtest.demo.SEOrelus"/>
  <system-out/>
  <testcase name="test91" time="7.530" classname="com.webtest.demo.SEOrelus"/>
  <system-out/>
</testsuite> <!-- com.webtest.demo.SEOrelus -->
