<?xml version="1.0" encoding="UTF-8"?>
<!-- Generated by org.testng.reporters.JUnitReportReporter -->
<testsuite skipped="0" hostname="DESKTOP-K59KI9T" name="com.webtest.demo.pointType" tests="4" failures="0" timestamp="2020-12-02T10:49:01 CST" time="47.208" errors="0">
  <testcase name="testLogin" time="12.030" classname="com.webtest.demo.pointType"/>
  <system-out/>
  <testcase name="test44" time="14.129" classname="com.webtest.demo.pointType"/>
  <system-out/>
  <testcase name="test46" time="10.516" classname="com.webtest.demo.pointType"/>
  <system-out/>
  <testcase name="test47" time="10.533" classname="com.webtest.demo.pointType"/>
  <system-out/>
</testsuite> <!-- com.webtest.demo.pointType -->
