<?xml version="1.0" encoding="UTF-8"?>
<!-- Generated by org.testng.reporters.JUnitReportReporter -->
<testsuite skipped="0" hostname="DESKTOP-K59KI9T" name="com.webtest.demo.adPosition" tests="6" failures="0" timestamp="2020-12-02T10:49:01 CST" time="95.494" errors="0">
  <testcase name="testLogin" time="12.190" classname="com.webtest.demo.adPosition"/>
  <system-out/>
  <testcase name="test16" time="30.702" classname="com.webtest.demo.adPosition"/>
  <system-out/>
  <testcase name="test32" time="27.195" classname="com.webtest.demo.adPosition"/>
  <system-out/>
  <testcase name="test33" time="7.418" classname="com.webtest.demo.adPosition"/>
  <system-out/>
  <testcase name="test34" time="7.395" classname="com.webtest.demo.adPosition"/>
  <system-out/>
  <testcase name="test35" time="10.594" classname="com.webtest.demo.adPosition"/>
  <system-out/>
</testsuite> <!-- com.webtest.demo.adPosition -->
