<?xml version="1.0" encoding="UTF-8"?>
<!-- Generated by org.testng.reporters.JUnitReportReporter -->
<testsuite skipped="0" hostname="DESKTOP-K59KI9T" name="com.webtest.demo.Admin_Login" tests="2" failures="0" timestamp="2020-11-15T16:49:23 CST" time="65.115" errors="0">
  <testcase name="testLogin" time="28.713" classname="com.webtest.demo.Admin_Login"/>
  <system-out/>
  <testcase name="testLogin" time="36.402" classname="com.webtest.demo.Admin_Login"/>
  <system-out/>
</testsuite> <!-- com.webtest.demo.Admin_Login -->
