<?xml version="1.0" encoding="UTF-8"?>
<!-- Generated by org.testng.reporters.JUnitReportReporter -->
<testsuite skipped="0" hostname="DESKTOP-K59KI9T" name="com.webtest.demo.memeimg" tests="5" failures="0" timestamp="2020-12-02T10:49:01 CST" time="77.244" errors="0">
  <testcase name="testLogin" time="12.048" classname="com.webtest.demo.memeimg"/>
  <system-out/>
  <testcase name="test71" time="12.083" classname="com.webtest.demo.memeimg"/>
  <system-out/>
  <testcase name="test72" time="11.944" classname="com.webtest.demo.memeimg"/>
  <system-out/>
  <testcase name="test73" time="30.623" classname="com.webtest.demo.memeimg"/>
  <system-out/>
  <testcase name="test74" time="10.546" classname="com.webtest.demo.memeimg"/>
  <system-out/>
</testsuite> <!-- com.webtest.demo.memeimg -->
