<?xml version="1.0" encoding="UTF-8"?>
<!-- Generated by org.testng.reporters.JUnitReportReporter -->
<testsuite skipped="0" hostname="DESKTOP-K59KI9T" name="com.webtest.demo.block" tests="3" failures="0" timestamp="2020-12-01T08:37:28 CST" time="37.119" errors="0">
  <testcase name="testLogin" time="12.068" classname="com.webtest.demo.block"/>
  <system-out/>
  <testcase name="testCode1" time="14.459" classname="com.webtest.demo.block"/>
  <system-out/>
  <testcase name="testCode2" time="10.592" classname="com.webtest.demo.block"/>
  <system-out/>
</testsuite> <!-- com.webtest.demo.block -->
