<?xml version="1.0" encoding="UTF-8"?>
<!-- Generated by org.testng.reporters.JUnitReportReporter -->
<testsuite skipped="0" hostname="DESKTOP-K59KI9T" name="com.webtest.demo.limit" tests="5" failures="0" timestamp="2020-12-02T10:49:01 CST" time="74.758" errors="0">
  <testcase name="testLogin" time="12.053" classname="com.webtest.demo.limit"/>
  <system-out/>
  <testcase name="test67" time="31.157" classname="com.webtest.demo.limit"/>
  <system-out/>
  <testcase name="test69" time="10.523" classname="com.webtest.demo.limit"/>
  <system-out/>
  <testcase name="test68" time="10.512" classname="com.webtest.demo.limit"/>
  <system-out/>
  <testcase name="test70" time="10.513" classname="com.webtest.demo.limit"/>
  <system-out/>
</testsuite> <!-- com.webtest.demo.limit -->
