<?xml version="1.0" encoding="UTF-8"?>
<!-- Generated by org.testng.reporters.JUnitReportReporter -->
<testsuite skipped="0" hostname="DESKTOP-K59KI9T" name="com.webtest.demo.linkfriend" tests="5" failures="0" timestamp="2020-12-02T10:49:01 CST" time="60.784" errors="0">
  <testcase name="testLogin" time="12.032" classname="com.webtest.demo.linkfriend"/>
  <system-out/>
  <testcase name="test5" time="19.108" classname="com.webtest.demo.linkfriend"/>
  <system-out/>
  <testcase name="test7" time="10.542" classname="com.webtest.demo.linkfriend"/>
  <system-out/>
  <testcase name="test6" time="8.541" classname="com.webtest.demo.linkfriend"/>
  <system-out/>
  <testcase name="test8" time="10.561" classname="com.webtest.demo.linkfriend"/>
  <system-out/>
</testsuite> <!-- com.webtest.demo.linkfriend -->
