<?xml version="1.0" encoding="UTF-8"?>
<!-- Generated by org.testng.reporters.JUnitReportReporter -->
<testsuite skipped="0" hostname="DESKTOP-K59KI9T" name="com.webtest.demo.sensitiveSetting" tests="3" failures="0" timestamp="2020-12-02T10:49:01 CST" time="33.334" errors="0">
  <testcase name="testLogin" time="11.990" classname="com.webtest.demo.sensitiveSetting"/>
  <system-out/>
  <testcase name="test14" time="10.819" classname="com.webtest.demo.sensitiveSetting"/>
  <system-out/>
  <testcase name="test15" time="10.525" classname="com.webtest.demo.sensitiveSetting"/>
  <system-out/>
</testsuite> <!-- com.webtest.demo.sensitiveSetting -->
