<?xml version="1.0" encoding="UTF-8"?>
<!-- Generated by org.testng.reporters.JUnitReportReporter -->
<testsuite skipped="0" hostname="DESKTOP-K59KI9T" name="com.webtest.demo.sensitiveword" tests="6" failures="0" timestamp="2020-12-02T10:49:01 CST" time="58.950" errors="0">
  <testcase name="testLogin" time="12.058" classname="com.webtest.demo.sensitiveword"/>
  <system-out/>
  <testcase name="test9" time="11.106" classname="com.webtest.demo.sensitiveword"/>
  <system-out/>
  <testcase name="test10" time="10.545" classname="com.webtest.demo.sensitiveword"/>
  <system-out/>
  <testcase name="test11" time="7.314" classname="com.webtest.demo.sensitiveword"/>
  <system-out/>
  <testcase name="test12" time="7.315" classname="com.webtest.demo.sensitiveword"/>
  <system-out/>
  <testcase name="test13" time="10.612" classname="com.webtest.demo.sensitiveword"/>
  <system-out/>
</testsuite> <!-- com.webtest.demo.sensitiveword -->
