<?xml version="1.0" encoding="UTF-8"?>
<!-- Generated by org.testng.reporters.JUnitReportReporter -->
<testsuite skipped="0" hostname="DESKTOP-K59KI9T" name="com.webtest.demo.pointRule" tests="5" failures="0" timestamp="2020-12-02T10:49:01 CST" time="74.667" errors="0">
  <testcase name="testLogin" time="12.018" classname="com.webtest.demo.pointRule"/>
  <system-out/>
  <testcase name="test49" time="21.947" classname="com.webtest.demo.pointRule"/>
  <system-out/>
  <testcase name="test51" time="13.568" classname="com.webtest.demo.pointRule"/>
  <system-out/>
  <testcase name="test50" time="13.561" classname="com.webtest.demo.pointRule"/>
  <system-out/>
  <testcase name="test52" time="13.573" classname="com.webtest.demo.pointRule"/>
  <system-out/>
</testsuite> <!-- com.webtest.demo.pointRule -->
